<?xml version="1.0" encoding="UTF-8"?>
<coverage generated="1752243349835" clover="3.2.0">
  <project timestamp="1752243349835" name="All files">
    <metrics statements="19" coveredstatements="17" conditionals="9" coveredconditionals="4" methods="4" coveredmethods="3" elements="32" coveredelements="24" complexity="0" loc="19" ncloc="19" packages="2" files="2" classes="2"/>
    <package name="src">
      <metrics statements="3" coveredstatements="3" conditionals="1" coveredconditionals="0" methods="1" coveredmethods="1"/>
      <file name="theme.ts" path="C:\Users\Ofir\Clinic-app\frontend\src\theme.ts">
        <metrics statements="3" coveredstatements="3" conditionals="1" coveredconditionals="0" methods="1" coveredmethods="1"/>
        <line num="1" count="1" type="stmt"/>
        <line num="8" count="1" type="cond" truecount="0" falsecount="1"/>
        <line num="9" count="1" type="stmt"/>
      </file>
    </package>
    <package name="src.pages">
      <metrics statements="16" coveredstatements="14" conditionals="8" coveredconditionals="4" methods="3" coveredmethods="2"/>
      <file name="ResetRequestPage.tsx" path="C:\Users\Ofir\Clinic-app\frontend\src\pages\ResetRequestPage.tsx">
        <metrics statements="16" coveredstatements="14" conditionals="8" coveredconditionals="4" methods="3" coveredmethods="2"/>
        <line num="1" count="1" type="stmt"/>
        <line num="2" count="1" type="stmt"/>
        <line num="11" count="1" type="stmt"/>
        <line num="12" count="1" type="stmt"/>
        <line num="13" count="1" type="stmt"/>
        <line num="14" count="1" type="stmt"/>
        <line num="15" count="1" type="stmt"/>
        <line num="17" count="1" type="stmt"/>
        <line num="18" count="1" type="stmt"/>
        <line num="19" count="1" type="stmt"/>
        <line num="20" count="1" type="stmt"/>
        <line num="22" count="1" type="stmt"/>
        <line num="28" count="0" type="stmt"/>
        <line num="29" count="0" type="stmt"/>
        <line num="33" count="1" type="stmt"/>
        <line num="64" count="1" type="stmt"/>
      </file>
    </package>
  </project>
</coverage>
