{"C:\\Users\\Ofir\\Clinic-app\\frontend\\src\\theme.ts": {"path":"C:\\Users\\Ofir\\Clinic-app\\frontend\\src\\theme.ts","statementMap":{"0":{"start":{"line":1,"column":0},"end":{"line":1,"column":58}},"1":{"start":{"line":8,"column":30},"end":{"line":16,"column":4}},"2":{"start":{"line":9,"column":2},"end":{"line":16,"column":4}},"3":{"start":{"line":8,"column":13},"end":{"line":8,"column":30}}},"fnMap":{"0":{"name":"(anonymous_0)","decl":{"start":{"line":8,"column":30},"end":{"line":8,"column":31}},"loc":{"start":{"line":9,"column":2},"end":{"line":16,"column":4}}}},"branchMap":{"0":{"loc":{"start":{"line":8,"column":31},"end":{"line":8,"column":63}},"type":"default-arg","locations":[{"start":{"line":8,"column":58},"end":{"line":8,"column":63}}]}},"s":{"0":1,"1":1,"2":1,"3":1},"f":{"0":1},"b":{"0":[0]}}
,"C:\\Users\\Ofir\\Clinic-app\\frontend\\src\\pages\\ResetRequestPage.tsx": {"path":"C:\\Users\\Ofir\\Clinic-app\\frontend\\src\\pages\\ResetRequestPage.tsx","statementMap":{"0":{"start":{"line":1,"column":0},"end":{"line":1,"column":49}},"1":{"start":{"line":2,"column":0},"end":{"line":2,"column":null}},"2":{"start":{"line":11,"column":0},"end":{"line":11,"column":35}},"3":{"start":{"line":12,"column":0},"end":{"line":12,"column":27}},"4":{"start":{"line":13,"column":0},"end":{"line":13,"column":26}},"5":{"start":{"line":14,"column":0},"end":{"line":14,"column":47}},"6":{"start":{"line":15,"column":0},"end":{"line":15,"column":42}},"7":{"start":{"line":17,"column":35},"end":{"line":62,"column":1}},"8":{"start":{"line":18,"column":22},"end":{"line":18,"column":38}},"9":{"start":{"line":19,"column":26},"end":{"line":19,"column":41}},"10":{"start":{"line":20,"column":16},"end":{"line":20,"column":65}},"11":{"start":{"line":20,"column":30},"end":{"line":20,"column":56}},"12":{"start":{"line":22,"column":17},"end":{"line":31,"column":4}},"13":{"start":{"line":28,"column":6},"end":{"line":28,"column":58}},"14":{"start":{"line":29,"column":6},"end":{"line":29,"column":20}},"15":{"start":{"line":33,"column":2},"end":{"line":61,"column":4}},"16":{"start":{"line":64,"column":0},"end":{"line":64,"column":32}}},"fnMap":{"0":{"name":"(anonymous_7)","decl":{"start":{"line":17,"column":35},"end":{"line":17,"column":38}},"loc":{"start":{"line":17,"column":40},"end":{"line":62,"column":1}}},"1":{"name":"(anonymous_8)","decl":{"start":{"line":20,"column":24},"end":{"line":20,"column":27}},"loc":{"start":{"line":20,"column":30},"end":{"line":20,"column":56}}},"2":{"name":"(anonymous_9)","decl":{"start":{"line":27,"column":14},"end":{"line":27,"column":19}},"loc":{"start":{"line":27,"column":31},"end":{"line":30,"column":5}}}},"branchMap":{"0":{"loc":{"start":{"line":38,"column":11},"end":{"line":41,"column":null}},"type":"binary-expr","locations":[{"start":{"line":38,"column":11},"end":{"line":38,"column":15}},{"start":{"line":39,"column":12},"end":{"line":40,"column":null}}]},"1":{"loc":{"start":{"line":51,"column":19},"end":{"line":51,"column":71}},"type":"binary-expr","locations":[{"start":{"line":51,"column":19},"end":{"line":51,"column":39}},{"start":{"line":51,"column":43},"end":{"line":51,"column":71}}]},"2":{"loc":{"start":{"line":52,"column":24},"end":{"line":52,"column":67}},"type":"binary-expr","locations":[{"start":{"line":52,"column":24},"end":{"line":52,"column":44}},{"start":{"line":52,"column":48},"end":{"line":52,"column":67}}]},"3":{"loc":{"start":{"line":56,"column":13},"end":{"line":56,"column":86}},"type":"cond-expr","locations":[{"start":{"line":56,"column":35},"end":{"line":56,"column":65}},{"start":{"line":56,"column":68},"end":{"line":56,"column":86}}]}},"s":{"0":1,"1":1,"2":1,"3":1,"4":1,"5":1,"6":1,"7":1,"8":1,"9":1,"10":1,"11":1,"12":1,"13":0,"14":0,"15":1,"16":1},"f":{"0":1,"1":1,"2":0},"b":{"0":[1,0],"1":[1,0],"2":[1,0],"3":[0,1]}}
}
