{"/home/ofir/Documents/Clinic-app/frontend/src/theme.ts": {"path":"/home/ofir/Documents/Clinic-app/frontend/src/theme.ts","statementMap":{"0":{"start":{"line":1,"column":0},"end":{"line":1,"column":44}},"1":{"start":{"line":4,"column":23},"end":{"line":32,"column":2}},"2":{"start":{"line":34,"column":13},"end":{"line":262,"column":3}}},"fnMap":{},"branchMap":{},"s":{"0":1,"1":1,"2":1},"f":{},"b":{}}
,"/home/ofir/Documents/Clinic-app/frontend/src/api/client.ts": {"path":"/home/ofir/Documents/Clinic-app/frontend/src/api/client.ts","statementMap":{"0":{"start":{"line":1,"column":0},"end":{"line":1,"column":70}},"1":{"start":{"line":2,"column":0},"end":{"line":2,"column":33}},"2":{"start":{"line":5,"column":25},"end":{"line":5,"column":46}},"3":{"start":{"line":6,"column":26},"end":{"line":6,"column":48}},"4":{"start":{"line":7,"column":17},"end":{"line":7,"column":30}},"5":{"start":{"line":8,"column":25},"end":{"line":8,"column":46}},"6":{"start":{"line":10,"column":20},"end":{"line":10,"column":21}},"7":{"start":{"line":11,"column":25},"end":{"line":11,"column":29}},"8":{"start":{"line":13,"column":18},"end":{"line":19,"column":2}},"9":{"start":{"line":22,"column":0},"end":{"line":31,"column":2}},"10":{"start":{"line":24,"column":18},"end":{"line":24,"column":56}},"11":{"start":{"line":25,"column":4},"end":{"line":27,"column":5}},"12":{"start":{"line":26,"column":6},"end":{"line":26,"column":55}},"13":{"start":{"line":28,"column":4},"end":{"line":28,"column":18}},"14":{"start":{"line":30,"column":13},"end":{"line":30,"column":34}},"15":{"start":{"line":34,"column":0},"end":{"line":65,"column":2}},"16":{"start":{"line":35,"column":16},"end":{"line":35,"column":24}},"17":{"start":{"line":37,"column":19},"end":{"line":37,"column":88}},"18":{"start":{"line":39,"column":4},"end":{"line":49,"column":5}},"19":{"start":{"line":41,"column":6},"end":{"line":41,"column":48}},"20":{"start":{"line":42,"column":6},"end":{"line":42,"column":49}},"21":{"start":{"line":43,"column":6},"end":{"line":43,"column":40}},"22":{"start":{"line":44,"column":6},"end":{"line":44,"column":48}},"23":{"start":{"line":45,"column":6},"end":{"line":47,"column":7}},"24":{"start":{"line":46,"column":8},"end":{"line":46,"column":40}},"25":{"start":{"line":48,"column":6},"end":{"line":48,"column":35}},"26":{"start":{"line":52,"column":19},"end":{"line":52,"column":41}},"27":{"start":{"line":53,"column":4},"end":{"line":61,"column":5}},"28":{"start":{"line":54,"column":25},"end":{"line":54,"column":48}},"29":{"start":{"line":55,"column":6},"end":{"line":60,"column":7}},"30":{"start":{"line":56,"column":8},"end":{"line":56,"column":44}},"31":{"start":{"line":57,"column":22},"end":{"line":57,"column":64}},"32":{"start":{"line":58,"column":8},"end":{"line":58,"column":67}},"33":{"start":{"line":58,"column":39},"end":{"line":58,"column":65}},"34":{"start":{"line":59,"column":8},"end":{"line":59,"column":33}},"35":{"start":{"line":63,"column":4},"end":{"line":63,"column":33}},"36":{"start":{"line":67,"column":0},"end":{"line":67,"column":25}}},"fnMap":{"0":{"name":"(anonymous_1)","decl":{"start":{"line":23,"column":2},"end":{"line":23,"column":3}},"loc":{"start":{"line":23,"column":13},"end":{"line":29,"column":3}}},"1":{"name":"(anonymous_2)","decl":{"start":{"line":30,"column":2},"end":{"line":30,"column":3}},"loc":{"start":{"line":30,"column":13},"end":{"line":30,"column":34}}},"2":{"name":"(anonymous_3)","decl":{"start":{"line":35,"column":2},"end":{"line":35,"column":3}},"loc":{"start":{"line":35,"column":16},"end":{"line":35,"column":24}}},"3":{"name":"(anonymous_4)","decl":{"start":{"line":36,"column":2},"end":{"line":36,"column":7}},"loc":{"start":{"line":36,"column":30},"end":{"line":64,"column":3}}},"4":{"name":"(anonymous_5)","decl":{"start":{"line":58,"column":26},"end":{"line":58,"column":27}},"loc":{"start":{"line":58,"column":39},"end":{"line":58,"column":65}}}},"branchMap":{"0":{"loc":{"start":{"line":25,"column":4},"end":{"line":27,"column":5}},"type":"if","locations":[{"start":{"line":25,"column":4},"end":{"line":27,"column":5}}]},"1":{"loc":{"start":{"line":39,"column":4},"end":{"line":49,"column":5}},"type":"if","locations":[{"start":{"line":39,"column":4},"end":{"line":49,"column":5}}]},"2":{"loc":{"start":{"line":45,"column":6},"end":{"line":47,"column":7}},"type":"if","locations":[{"start":{"line":45,"column":6},"end":{"line":47,"column":7}}]},"3":{"loc":{"start":{"line":53,"column":4},"end":{"line":61,"column":5}},"type":"if","locations":[{"start":{"line":53,"column":4},"end":{"line":61,"column":5}}]},"4":{"loc":{"start":{"line":53,"column":8},"end":{"line":53,"column":57}},"type":"binary-expr","locations":[{"start":{"line":53,"column":8},"end":{"line":53,"column":14}},{"start":{"line":53,"column":18},"end":{"line":53,"column":24}},{"start":{"line":53,"column":28},"end":{"line":53,"column":41}},{"start":{"line":53,"column":45},"end":{"line":53,"column":57}}]},"5":{"loc":{"start":{"line":54,"column":25},"end":{"line":54,"column":48}},"type":"binary-expr","locations":[{"start":{"line":54,"column":25},"end":{"line":54,"column":43}},{"start":{"line":54,"column":47},"end":{"line":54,"column":48}}]},"6":{"loc":{"start":{"line":55,"column":6},"end":{"line":60,"column":7}},"type":"if","locations":[{"start":{"line":55,"column":6},"end":{"line":60,"column":7}}]}},"s":{"0":4,"1":4,"2":4,"3":4,"4":4,"5":4,"6":4,"7":4,"8":4,"9":4,"10":3,"11":3,"12":0,"13":3,"14":0,"15":4,"16":0,"17":3,"18":3,"19":0,"20":0,"21":0,"22":0,"23":0,"24":0,"25":0,"26":3,"27":3,"28":0,"29":0,"30":0,"31":0,"32":0,"33":0,"34":0,"35":3,"36":4},"f":{"0":3,"1":0,"2":0,"3":3,"4":0},"b":{"0":[0],"1":[0],"2":[0],"3":[0],"4":[3,3,0,0],"5":[0,0],"6":[0]}}
,"/home/ofir/Documents/Clinic-app/frontend/src/api/communication.ts": {"path":"/home/ofir/Documents/Clinic-app/frontend/src/api/communication.ts","statementMap":{"0":{"start":{"line":1,"column":0},"end":{"line":1,"column":36}},"1":{"start":{"line":2,"column":0},"end":{"line":2,"column":33}},"2":{"start":{"line":23,"column":27},"end":{"line":30,"column":1}},"3":{"start":{"line":24,"column":20},"end":{"line":24,"column":28}},"4":{"start":{"line":25,"column":21},"end":{"line":28,"column":6}},"5":{"start":{"line":29,"column":4},"end":{"line":29,"column":16}},"6":{"start":{"line":23,"column":13},"end":{"line":23,"column":27}},"7":{"start":{"line":32,"column":27},"end":{"line":38,"column":1}},"8":{"start":{"line":33,"column":20},"end":{"line":33,"column":28}},"9":{"start":{"line":34,"column":21},"end":{"line":36,"column":6}},"10":{"start":{"line":37,"column":4},"end":{"line":37,"column":16}},"11":{"start":{"line":32,"column":13},"end":{"line":32,"column":27}},"12":{"start":{"line":40,"column":26},"end":{"line":45,"column":1}},"13":{"start":{"line":41,"column":20},"end":{"line":41,"column":28}},"14":{"start":{"line":42,"column":4},"end":{"line":44,"column":7}},"15":{"start":{"line":40,"column":13},"end":{"line":40,"column":26}}},"fnMap":{"0":{"name":"(anonymous_1)","decl":{"start":{"line":23,"column":27},"end":{"line":23,"column":32}},"loc":{"start":{"line":23,"column":54},"end":{"line":30,"column":1}}},"1":{"name":"(anonymous_2)","decl":{"start":{"line":32,"column":27},"end":{"line":32,"column":32}},"loc":{"start":{"line":32,"column":63},"end":{"line":38,"column":1}}},"2":{"name":"(anonymous_3)","decl":{"start":{"line":40,"column":26},"end":{"line":40,"column":31}},"loc":{"start":{"line":40,"column":57},"end":{"line":45,"column":1}}}},"branchMap":{},"s":{"0":1,"1":1,"2":1,"3":0,"4":0,"5":0,"6":1,"7":1,"8":0,"9":0,"10":0,"11":1,"12":1,"13":0,"14":0,"15":1},"f":{"0":0,"1":0,"2":0},"b":{}}
,"/home/ofir/Documents/Clinic-app/frontend/src/api/consent.ts": {"path":"/home/ofir/Documents/Clinic-app/frontend/src/api/consent.ts","statementMap":{"0":{"start":{"line":5,"column":0},"end":{"line":5,"column":33}},"1":{"start":{"line":53,"column":29},"end":{"line":56,"column":1}},"2":{"start":{"line":54,"column":19},"end":{"line":54,"column":64}},"3":{"start":{"line":55,"column":2},"end":{"line":55,"column":23}},"4":{"start":{"line":53,"column":13},"end":{"line":53,"column":29}},"5":{"start":{"line":61,"column":32},"end":{"line":64,"column":1}},"6":{"start":{"line":62,"column":19},"end":{"line":62,"column":78}},"7":{"start":{"line":63,"column":2},"end":{"line":63,"column":23}},"8":{"start":{"line":61,"column":13},"end":{"line":61,"column":32}},"9":{"start":{"line":69,"column":26},"end":{"line":72,"column":1}},"10":{"start":{"line":70,"column":19},"end":{"line":70,"column":67}},"11":{"start":{"line":71,"column":2},"end":{"line":71,"column":23}},"12":{"start":{"line":69,"column":13},"end":{"line":69,"column":26}},"13":{"start":{"line":77,"column":38},"end":{"line":80,"column":1}},"14":{"start":{"line":78,"column":19},"end":{"line":78,"column":83}},"15":{"start":{"line":79,"column":2},"end":{"line":79,"column":23}},"16":{"start":{"line":77,"column":13},"end":{"line":77,"column":38}},"17":{"start":{"line":85,"column":29},"end":{"line":88,"column":1}},"18":{"start":{"line":86,"column":19},"end":{"line":86,"column":84}},"19":{"start":{"line":87,"column":2},"end":{"line":87,"column":23}},"20":{"start":{"line":85,"column":13},"end":{"line":85,"column":29}},"21":{"start":{"line":93,"column":29},"end":{"line":96,"column":1}},"22":{"start":{"line":94,"column":19},"end":{"line":94,"column":74}},"23":{"start":{"line":95,"column":2},"end":{"line":95,"column":23}},"24":{"start":{"line":93,"column":13},"end":{"line":93,"column":29}},"25":{"start":{"line":98,"column":0},"end":{"line":105,"column":2}}},"fnMap":{"0":{"name":"(anonymous_1)","decl":{"start":{"line":53,"column":29},"end":{"line":53,"column":34}},"loc":{"start":{"line":53,"column":96},"end":{"line":56,"column":1}}},"1":{"name":"(anonymous_2)","decl":{"start":{"line":61,"column":32},"end":{"line":61,"column":37}},"loc":{"start":{"line":61,"column":96},"end":{"line":64,"column":1}}},"2":{"name":"(anonymous_3)","decl":{"start":{"line":69,"column":26},"end":{"line":69,"column":31}},"loc":{"start":{"line":69,"column":81},"end":{"line":72,"column":1}}},"3":{"name":"(anonymous_4)","decl":{"start":{"line":77,"column":38},"end":{"line":77,"column":43}},"loc":{"start":{"line":77,"column":99},"end":{"line":80,"column":1}}},"4":{"name":"(anonymous_5)","decl":{"start":{"line":85,"column":29},"end":{"line":85,"column":34}},"loc":{"start":{"line":85,"column":115},"end":{"line":88,"column":1}}},"5":{"name":"(anonymous_6)","decl":{"start":{"line":93,"column":29},"end":{"line":93,"column":34}},"loc":{"start":{"line":93,"column":103},"end":{"line":96,"column":1}}}},"branchMap":{},"s":{"0":1,"1":1,"2":0,"3":0,"4":1,"5":1,"6":0,"7":0,"8":1,"9":1,"10":0,"11":0,"12":1,"13":1,"14":0,"15":0,"16":1,"17":1,"18":0,"19":0,"20":1,"21":1,"22":0,"23":0,"24":1,"25":1},"f":{"0":0,"1":0,"2":0,"3":0,"4":0,"5":0},"b":{}}
,"/home/ofir/Documents/Clinic-app/frontend/src/api/notes.ts": {"path":"/home/ofir/Documents/Clinic-app/frontend/src/api/notes.ts","statementMap":{"0":{"start":{"line":1,"column":0},"end":{"line":1,"column":36}},"1":{"start":{"line":2,"column":0},"end":{"line":2,"column":33}},"2":{"start":{"line":14,"column":24},"end":{"line":21,"column":1}},"3":{"start":{"line":15,"column":20},"end":{"line":15,"column":28}},"4":{"start":{"line":16,"column":21},"end":{"line":19,"column":6}},"5":{"start":{"line":20,"column":4},"end":{"line":20,"column":16}},"6":{"start":{"line":14,"column":13},"end":{"line":14,"column":24}},"7":{"start":{"line":23,"column":24},"end":{"line":29,"column":1}},"8":{"start":{"line":24,"column":20},"end":{"line":24,"column":28}},"9":{"start":{"line":25,"column":21},"end":{"line":27,"column":6}},"10":{"start":{"line":28,"column":4},"end":{"line":28,"column":16}},"11":{"start":{"line":23,"column":13},"end":{"line":23,"column":24}},"12":{"start":{"line":31,"column":26},"end":{"line":37,"column":1}},"13":{"start":{"line":32,"column":20},"end":{"line":32,"column":28}},"14":{"start":{"line":33,"column":21},"end":{"line":35,"column":6}},"15":{"start":{"line":36,"column":4},"end":{"line":36,"column":16}},"16":{"start":{"line":31,"column":13},"end":{"line":31,"column":26}}},"fnMap":{"0":{"name":"(anonymous_1)","decl":{"start":{"line":14,"column":24},"end":{"line":14,"column":29}},"loc":{"start":{"line":14,"column":90},"end":{"line":21,"column":1}}},"1":{"name":"(anonymous_2)","decl":{"start":{"line":23,"column":24},"end":{"line":23,"column":29}},"loc":{"start":{"line":23,"column":54},"end":{"line":29,"column":1}}},"2":{"name":"(anonymous_3)","decl":{"start":{"line":31,"column":26},"end":{"line":31,"column":31}},"loc":{"start":{"line":31,"column":64},"end":{"line":37,"column":1}}}},"branchMap":{},"s":{"0":1,"1":1,"2":1,"3":0,"4":0,"5":0,"6":1,"7":1,"8":0,"9":0,"10":0,"11":1,"12":1,"13":0,"14":0,"15":0,"16":1},"f":{"0":0,"1":0,"2":0},"b":{}}
,"/home/ofir/Documents/Clinic-app/frontend/src/components/ConnectionQualityIndicator.tsx": {"path":"/home/ofir/Documents/Clinic-app/frontend/src/components/ConnectionQualityIndicator.tsx","statementMap":{"0":{"start":{"line":6,"column":0},"end":{"line":6,"column":64}},"1":{"start":{"line":7,"column":0},"end":{"line":7,"column":null}},"2":{"start":{"line":18,"column":0},"end":{"line":18,"column":null}},"3":{"start":{"line":60,"column":78},"end":{"line":460,"column":1}},"4":{"start":{"line":68,"column":16},"end":{"line":68,"column":26}},"5":{"start":{"line":69,"column":34},"end":{"line":69,"column":56}},"6":{"start":{"line":70,"column":32},"end":{"line":80,"column":4}},"7":{"start":{"line":81,"column":50},"end":{"line":81,"column":91}},"8":{"start":{"line":86,"column":27},"end":{"line":116,"column":8}},"9":{"start":{"line":91,"column":4},"end":{"line":93,"column":5}},"10":{"start":{"line":92,"column":6},"end":{"line":92,"column":23}},"11":{"start":{"line":96,"column":4},"end":{"line":101,"column":5}},"12":{"start":{"line":97,"column":6},"end":{"line":97,"column":39}},"13":{"start":{"line":97,"column":20},"end":{"line":97,"column":39}},"14":{"start":{"line":98,"column":6},"end":{"line":98,"column":35}},"15":{"start":{"line":98,"column":21},"end":{"line":98,"column":35}},"16":{"start":{"line":99,"column":6},"end":{"line":99,"column":35}},"17":{"start":{"line":99,"column":21},"end":{"line":99,"column":35}},"18":{"start":{"line":100,"column":6},"end":{"line":100,"column":20}},"19":{"start":{"line":104,"column":4},"end":{"line":115,"column":5}},"20":{"start":{"line":106,"column":8},"end":{"line":106,"column":27}},"21":{"start":{"line":108,"column":8},"end":{"line":108,"column":22}},"22":{"start":{"line":110,"column":8},"end":{"line":110,"column":22}},"23":{"start":{"line":112,"column":8},"end":{"line":112,"column":22}},"24":{"start":{"line":114,"column":8},"end":{"line":114,"column":22}},"25":{"start":{"line":121,"column":31},"end":{"line":141,"column":8}},"26":{"start":{"line":122,"column":24},"end":{"line":124,"column":41}},"27":{"start":{"line":126,"column":4},"end":{"line":133,"column":5}},"28":{"start":{"line":127,"column":6},"end":{"line":132,"column":8}},"29":{"start":{"line":135,"column":4},"end":{"line":140,"column":6}},"30":{"start":{"line":146,"column":25},"end":{"line":199,"column":22}},"31":{"start":{"line":147,"column":4},"end":{"line":149,"column":5}},"32":{"start":{"line":148,"column":6},"end":{"line":148,"column":62}},"33":{"start":{"line":151,"column":4},"end":{"line":198,"column":5}},"34":{"start":{"line":152,"column":20},"end":{"line":152,"column":51}},"35":{"start":{"line":153,"column":23},"end":{"line":153,"column":24}},"36":{"start":{"line":154,"column":19},"end":{"line":154,"column":20}},"37":{"start":{"line":155,"column":24},"end":{"line":155,"column":25}},"38":{"start":{"line":156,"column":24},"end":{"line":156,"column":25}},"39":{"start":{"line":157,"column":26},"end":{"line":157,"column":27}},"40":{"start":{"line":158,"column":23},"end":{"line":158,"column":24}},"41":{"start":{"line":160,"column":6},"end":{"line":178,"column":9}},"42":{"start":{"line":161,"column":8},"end":{"line":165,"column":9}},"43":{"start":{"line":162,"column":10},"end":{"line":164,"column":11}},"44":{"start":{"line":163,"column":12},"end":{"line":163,"column":45}},"45":{"start":{"line":166,"column":8},"end":{"line":177,"column":9}},"46":{"start":{"line":167,"column":10},"end":{"line":169,"column":11}},"47":{"start":{"line":168,"column":12},"end":{"line":168,"column":45}},"48":{"start":{"line":170,"column":10},"end":{"line":173,"column":11}},"49":{"start":{"line":171,"column":12},"end":{"line":171,"column":43}},"50":{"start":{"line":172,"column":12},"end":{"line":172,"column":25}},"51":{"start":{"line":174,"column":10},"end":{"line":176,"column":11}},"52":{"start":{"line":175,"column":12},"end":{"line":175,"column":56}},"53":{"start":{"line":181,"column":6},"end":{"line":183,"column":7}},"54":{"start":{"line":182,"column":8},"end":{"line":182,"column":71}},"55":{"start":{"line":186,"column":6},"end":{"line":188,"column":7}},"56":{"start":{"line":187,"column":8},"end":{"line":187,"column":37}},"57":{"start":{"line":190,"column":6},"end":{"line":194,"column":8}},"58":{"start":{"line":196,"column":6},"end":{"line":196,"column":58}},"59":{"start":{"line":197,"column":6},"end":{"line":197,"column":48}},"60":{"start":{"line":204,"column":24},"end":{"line":230,"column":97}},"61":{"start":{"line":205,"column":27},"end":{"line":205,"column":49}},"62":{"start":{"line":206,"column":24},"end":{"line":206,"column":46}},"63":{"start":{"line":208,"column":20},"end":{"line":208,"column":69}},"64":{"start":{"line":209,"column":21},"end":{"line":209,"column":89}},"65":{"start":{"line":211,"column":42},"end":{"line":221,"column":6}},"66":{"start":{"line":223,"column":4},"end":{"line":223,"column":27}},"67":{"start":{"line":226,"column":4},"end":{"line":228,"column":5}},"68":{"start":{"line":227,"column":6},"end":{"line":227,"column":36}},"69":{"start":{"line":229,"column":4},"end":{"line":229,"column":34}},"70":{"start":{"line":233,"column":2},"end":{"line":255,"column":36}},"71":{"start":{"line":234,"column":4},"end":{"line":234,"column":20}},"72":{"start":{"line":235,"column":21},"end":{"line":235,"column":61}},"73":{"start":{"line":238,"column":24},"end":{"line":238,"column":52}},"74":{"start":{"line":239,"column":4},"end":{"line":241,"column":5}},"75":{"start":{"line":240,"column":6},"end":{"line":240,"column":59}},"76":{"start":{"line":244,"column":4},"end":{"line":244,"column":53}},"77":{"start":{"line":245,"column":4},"end":{"line":245,"column":54}},"78":{"start":{"line":247,"column":4},"end":{"line":254,"column":6}},"79":{"start":{"line":248,"column":6},"end":{"line":248,"column":30}},"80":{"start":{"line":249,"column":6},"end":{"line":251,"column":7}},"81":{"start":{"line":250,"column":8},"end":{"line":250,"column":64}},"82":{"start":{"line":252,"column":6},"end":{"line":252,"column":58}},"83":{"start":{"line":253,"column":6},"end":{"line":253,"column":59}},"84":{"start":{"line":260,"column":31},"end":{"line":275,"column":3}},"85":{"start":{"line":261,"column":4},"end":{"line":274,"column":5}},"86":{"start":{"line":263,"column":8},"end":{"line":263,"column":94}},"87":{"start":{"line":265,"column":8},"end":{"line":265,"column":85}},"88":{"start":{"line":267,"column":8},"end":{"line":267,"column":84}},"89":{"start":{"line":269,"column":8},"end":{"line":269,"column":82}},"90":{"start":{"line":271,"column":8},"end":{"line":271,"column":89}},"91":{"start":{"line":273,"column":8},"end":{"line":273,"column":84}},"92":{"start":{"line":277,"column":47},"end":{"line":277,"column":69}},"93":{"start":{"line":282,"column":27},"end":{"line":287,"column":3}},"94":{"start":{"line":283,"column":4},"end":{"line":283,"column":51}},"95":{"start":{"line":283,"column":34},"end":{"line":283,"column":51}},"96":{"start":{"line":284,"column":4},"end":{"line":284,"column":65}},"97":{"start":{"line":284,"column":51},"end":{"line":284,"column":65}},"98":{"start":{"line":285,"column":4},"end":{"line":285,"column":69}},"99":{"start":{"line":285,"column":52},"end":{"line":285,"column":69}},"100":{"start":{"line":286,"column":4},"end":{"line":286,"column":22}},"101":{"start":{"line":289,"column":24},"end":{"line":289,"column":42}},"102":{"start":{"line":291,"column":2},"end":{"line":459,"column":4}},"103":{"start":{"line":319,"column":27},"end":{"line":319,"column":49}},"104":{"start":{"line":328,"column":48},"end":{"line":328,"column":70}},"105":{"start":{"line":462,"column":0},"end":{"line":462,"column":42}}},"fnMap":{"0":{"name":"(anonymous_0)","decl":{"start":{"line":60,"column":78},"end":{"line":60,"column":79}},"loc":{"start":{"line":67,"column":5},"end":{"line":460,"column":1}}},"1":{"name":"(anonymous_1)","decl":{"start":{"line":86,"column":39},"end":{"line":86,"column":null}},"loc":{"start":{"line":89,"column":26},"end":{"line":116,"column":3}}},"2":{"name":"(anonymous_2)","decl":{"start":{"line":121,"column":43},"end":{"line":121,"column":74}},"loc":{"start":{"line":121,"column":76},"end":{"line":141,"column":3}}},"3":{"name":"(anonymous_3)","decl":{"start":{"line":146,"column":37},"end":{"line":146,"column":42}},"loc":{"start":{"line":146,"column":85},"end":{"line":199,"column":3}}},"4":{"name":"(anonymous_4)","decl":{"start":{"line":160,"column":20},"end":{"line":160,"column":21}},"loc":{"start":{"line":160,"column":31},"end":{"line":178,"column":7}}},"5":{"name":"(anonymous_5)","decl":{"start":{"line":204,"column":36},"end":{"line":204,"column":41}},"loc":{"start":{"line":204,"column":47},"end":{"line":230,"column":3}}},"6":{"name":"(anonymous_6)","decl":{"start":{"line":233,"column":12},"end":{"line":233,"column":15}},"loc":{"start":{"line":233,"column":17},"end":{"line":255,"column":3}}},"7":{"name":"(anonymous_7)","decl":{"start":{"line":247,"column":11},"end":{"line":247,"column":14}},"loc":{"start":{"line":247,"column":16},"end":{"line":254,"column":5}}},"8":{"name":"(anonymous_8)","decl":{"start":{"line":260,"column":31},"end":{"line":260,"column":34}},"loc":{"start":{"line":260,"column":36},"end":{"line":275,"column":3}}},"9":{"name":"(anonymous_9)","decl":{"start":{"line":282,"column":27},"end":{"line":282,"column":30}},"loc":{"start":{"line":282,"column":32},"end":{"line":287,"column":3}}},"10":{"name":"(anonymous_10)","decl":{"start":{"line":319,"column":21},"end":{"line":319,"column":24}},"loc":{"start":{"line":319,"column":27},"end":{"line":319,"column":49}}},"11":{"name":"(anonymous_11)","decl":{"start":{"line":328,"column":42},"end":{"line":328,"column":45}},"loc":{"start":{"line":328,"column":48},"end":{"line":328,"column":70}}}},"branchMap":{"0":{"loc":{"start":{"line":62,"column":2},"end":{"line":62,"column":22}},"type":"default-arg","locations":[{"start":{"line":62,"column":17},"end":{"line":62,"column":22}}]},"1":{"loc":{"start":{"line":63,"column":2},"end":{"line":63,"column":31}},"type":"default-arg","locations":[{"start":{"line":63,"column":28},"end":{"line":63,"column":31}}]},"2":{"loc":{"start":{"line":64,"column":2},"end":{"line":64,"column":32}},"type":"default-arg","locations":[{"start":{"line":64,"column":29},"end":{"line":64,"column":32}}]},"3":{"loc":{"start":{"line":66,"column":2},"end":{"line":66,"column":21}},"type":"default-arg","locations":[{"start":{"line":66,"column":17},"end":{"line":66,"column":21}}]},"4":{"loc":{"start":{"line":91,"column":4},"end":{"line":93,"column":5}},"type":"if","locations":[{"start":{"line":91,"column":4},"end":{"line":93,"column":5}}]},"5":{"loc":{"start":{"line":96,"column":4},"end":{"line":101,"column":5}},"type":"if","locations":[{"start":{"line":96,"column":4},"end":{"line":101,"column":5}}]},"6":{"loc":{"start":{"line":97,"column":6},"end":{"line":97,"column":39}},"type":"if","locations":[{"start":{"line":97,"column":6},"end":{"line":97,"column":39}}]},"7":{"loc":{"start":{"line":98,"column":6},"end":{"line":98,"column":35}},"type":"if","locations":[{"start":{"line":98,"column":6},"end":{"line":98,"column":35}}]},"8":{"loc":{"start":{"line":99,"column":6},"end":{"line":99,"column":35}},"type":"if","locations":[{"start":{"line":99,"column":6},"end":{"line":99,"column":35}}]},"9":{"loc":{"start":{"line":104,"column":4},"end":{"line":115,"column":5}},"type":"switch","locations":[{"start":{"line":105,"column":6},"end":{"line":106,"column":27}},{"start":{"line":107,"column":6},"end":{"line":108,"column":22}},{"start":{"line":109,"column":6},"end":{"line":110,"column":22}},{"start":{"line":111,"column":6},"end":{"line":112,"column":22}},{"start":{"line":113,"column":6},"end":{"line":114,"column":22}}]},"10":{"loc":{"start":{"line":122,"column":24},"end":{"line":124,"column":41}},"type":"binary-expr","locations":[{"start":{"line":122,"column":24},"end":{"line":122,"column":52}},{"start":{"line":123,"column":7},"end":{"line":123,"column":38}},{"start":{"line":124,"column":7},"end":{"line":124,"column":41}}]},"11":{"loc":{"start":{"line":126,"column":4},"end":{"line":133,"column":5}},"type":"if","locations":[{"start":{"line":126,"column":4},"end":{"line":133,"column":5}}]},"12":{"loc":{"start":{"line":136,"column":21},"end":{"line":136,"column":58}},"type":"binary-expr","locations":[{"start":{"line":136,"column":21},"end":{"line":136,"column":45}},{"start":{"line":136,"column":49},"end":{"line":136,"column":58}}]},"13":{"loc":{"start":{"line":137,"column":16},"end":{"line":137,"column":43}},"type":"binary-expr","locations":[{"start":{"line":137,"column":16},"end":{"line":137,"column":35}},{"start":{"line":137,"column":39},"end":{"line":137,"column":43}}]},"14":{"loc":{"start":{"line":138,"column":11},"end":{"line":138,"column":33}},"type":"binary-expr","locations":[{"start":{"line":138,"column":11},"end":{"line":138,"column":25}},{"start":{"line":138,"column":29},"end":{"line":138,"column":33}}]},"15":{"loc":{"start":{"line":139,"column":16},"end":{"line":139,"column":44}},"type":"binary-expr","locations":[{"start":{"line":139,"column":16},"end":{"line":139,"column":35}},{"start":{"line":139,"column":39},"end":{"line":139,"column":44}}]},"16":{"loc":{"start":{"line":147,"column":4},"end":{"line":149,"column":5}},"type":"if","locations":[{"start":{"line":147,"column":4},"end":{"line":149,"column":5}}]},"17":{"loc":{"start":{"line":161,"column":8},"end":{"line":165,"column":9}},"type":"if","locations":[{"start":{"line":161,"column":8},"end":{"line":165,"column":9}}]},"18":{"loc":{"start":{"line":161,"column":12},"end":{"line":161,"column":69}},"type":"binary-expr","locations":[{"start":{"line":161,"column":12},"end":{"line":161,"column":42}},{"start":{"line":161,"column":46},"end":{"line":161,"column":69}}]},"19":{"loc":{"start":{"line":162,"column":10},"end":{"line":164,"column":11}},"type":"if","locations":[{"start":{"line":162,"column":10},"end":{"line":164,"column":11}}]},"20":{"loc":{"start":{"line":166,"column":8},"end":{"line":177,"column":9}},"type":"if","locations":[{"start":{"line":166,"column":8},"end":{"line":177,"column":9}}]},"21":{"loc":{"start":{"line":167,"column":10},"end":{"line":169,"column":11}},"type":"if","locations":[{"start":{"line":167,"column":10},"end":{"line":169,"column":11}}]},"22":{"loc":{"start":{"line":170,"column":10},"end":{"line":173,"column":11}},"type":"if","locations":[{"start":{"line":170,"column":10},"end":{"line":173,"column":11}}]},"23":{"loc":{"start":{"line":174,"column":10},"end":{"line":176,"column":11}},"type":"if","locations":[{"start":{"line":174,"column":10},"end":{"line":176,"column":11}}]},"24":{"loc":{"start":{"line":181,"column":6},"end":{"line":183,"column":7}},"type":"if","locations":[{"start":{"line":181,"column":6},"end":{"line":183,"column":7}}]},"25":{"loc":{"start":{"line":186,"column":6},"end":{"line":188,"column":7}},"type":"if","locations":[{"start":{"line":186,"column":6},"end":{"line":188,"column":7}}]},"26":{"loc":{"start":{"line":191,"column":20},"end":{"line":191,"column":76}},"type":"cond-expr","locations":[{"start":{"line":191,"column":37},"end":{"line":191,"column":69}},{"start":{"line":191,"column":72},"end":{"line":191,"column":76}}]},"27":{"loc":{"start":{"line":192,"column":16},"end":{"line":192,"column":54}},"type":"cond-expr","locations":[{"start":{"line":192,"column":29},"end":{"line":192,"column":47}},{"start":{"line":192,"column":50},"end":{"line":192,"column":54}}]},"28":{"loc":{"start":{"line":193,"column":17},"end":{"line":193,"column":69}},"type":"cond-expr","locations":[{"start":{"line":193,"column":37},"end":{"line":193,"column":62}},{"start":{"line":193,"column":65},"end":{"line":193,"column":69}}]},"29":{"loc":{"start":{"line":208,"column":20},"end":{"line":208,"column":69}},"type":"binary-expr","locations":[{"start":{"line":208,"column":20},"end":{"line":208,"column":39}},{"start":{"line":208,"column":43},"end":{"line":208,"column":61}},{"start":{"line":208,"column":65},"end":{"line":208,"column":69}}]},"30":{"loc":{"start":{"line":209,"column":38},"end":{"line":209,"column":79}},"type":"binary-expr","locations":[{"start":{"line":209,"column":38},"end":{"line":209,"column":66}},{"start":{"line":209,"column":70},"end":{"line":209,"column":79}}]},"31":{"loc":{"start":{"line":214,"column":16},"end":{"line":214,"column":47}},"type":"binary-expr","locations":[{"start":{"line":214,"column":16},"end":{"line":214,"column":39}},{"start":{"line":214,"column":43},"end":{"line":214,"column":47}}]},"32":{"loc":{"start":{"line":215,"column":14},"end":{"line":215,"column":40}},"type":"binary-expr","locations":[{"start":{"line":215,"column":14},"end":{"line":215,"column":32}},{"start":{"line":215,"column":36},"end":{"line":215,"column":40}}]},"33":{"loc":{"start":{"line":216,"column":21},"end":{"line":216,"column":62}},"type":"binary-expr","locations":[{"start":{"line":216,"column":21},"end":{"line":216,"column":49}},{"start":{"line":216,"column":53},"end":{"line":216,"column":62}}]},"34":{"loc":{"start":{"line":217,"column":11},"end":{"line":217,"column":37}},"type":"binary-expr","locations":[{"start":{"line":217,"column":11},"end":{"line":217,"column":29}},{"start":{"line":217,"column":33},"end":{"line":217,"column":37}}]},"35":{"loc":{"start":{"line":218,"column":18},"end":{"line":218,"column":48}},"type":"binary-expr","locations":[{"start":{"line":218,"column":18},"end":{"line":218,"column":40}},{"start":{"line":218,"column":44},"end":{"line":218,"column":48}}]},"36":{"loc":{"start":{"line":219,"column":14},"end":{"line":219,"column":40}},"type":"binary-expr","locations":[{"start":{"line":219,"column":14},"end":{"line":219,"column":32}},{"start":{"line":219,"column":36},"end":{"line":219,"column":40}}]},"37":{"loc":{"start":{"line":220,"column":16},"end":{"line":220,"column":48}},"type":"binary-expr","locations":[{"start":{"line":220,"column":16},"end":{"line":220,"column":39}},{"start":{"line":220,"column":43},"end":{"line":220,"column":48}}]},"38":{"loc":{"start":{"line":226,"column":4},"end":{"line":228,"column":5}},"type":"if","locations":[{"start":{"line":226,"column":4},"end":{"line":228,"column":5}}]},"39":{"loc":{"start":{"line":226,"column":8},"end":{"line":226,"column":66}},"type":"binary-expr","locations":[{"start":{"line":226,"column":8},"end":{"line":226,"column":33}},{"start":{"line":226,"column":37},"end":{"line":226,"column":66}}]},"40":{"loc":{"start":{"line":239,"column":4},"end":{"line":241,"column":5}},"type":"if","locations":[{"start":{"line":239,"column":4},"end":{"line":241,"column":5}}]},"41":{"loc":{"start":{"line":249,"column":6},"end":{"line":251,"column":7}},"type":"if","locations":[{"start":{"line":249,"column":6},"end":{"line":251,"column":7}}]},"42":{"loc":{"start":{"line":261,"column":4},"end":{"line":274,"column":5}},"type":"switch","locations":[{"start":{"line":262,"column":6},"end":{"line":263,"column":94}},{"start":{"line":264,"column":6},"end":{"line":265,"column":85}},{"start":{"line":266,"column":6},"end":{"line":267,"column":84}},{"start":{"line":268,"column":6},"end":{"line":269,"column":82}},{"start":{"line":270,"column":6},"end":{"line":271,"column":89}},{"start":{"line":272,"column":6},"end":{"line":273,"column":84}}]},"43":{"loc":{"start":{"line":283,"column":4},"end":{"line":283,"column":51}},"type":"if","locations":[{"start":{"line":283,"column":4},"end":{"line":283,"column":51}}]},"44":{"loc":{"start":{"line":284,"column":4},"end":{"line":284,"column":65}},"type":"if","locations":[{"start":{"line":284,"column":4},"end":{"line":284,"column":65}}]},"45":{"loc":{"start":{"line":285,"column":4},"end":{"line":285,"column":69}},"type":"if","locations":[{"start":{"line":285,"column":4},"end":{"line":285,"column":69}}]},"46":{"loc":{"start":{"line":299,"column":15},"end":{"line":300,"column":null}},"type":"binary-expr","locations":[{"start":{"line":299,"column":15},"end":{"line":299,"column":39}},{"start":{"line":300,"column":16},"end":{"line":300,"column":87}}]},"47":{"loc":{"start":{"line":302,"column":15},"end":{"line":305,"column":null}},"type":"binary-expr","locations":[{"start":{"line":302,"column":15},"end":{"line":302,"column":40}},{"start":{"line":303,"column":16},"end":{"line":304,"column":null}}]},"48":{"loc":{"start":{"line":322,"column":13},"end":{"line":323,"column":null}},"type":"binary-expr","locations":[{"start":{"line":322,"column":13},"end":{"line":322,"column":41}},{"start":{"line":323,"column":14},"end":{"line":323,"column":94}}]},"49":{"loc":{"start":{"line":329,"column":11},"end":{"line":329,"column":89}},"type":"cond-expr","locations":[{"start":{"line":329,"column":22},"end":{"line":329,"column":55}},{"start":{"line":329,"column":58},"end":{"line":329,"column":89}}]},"50":{"loc":{"start":{"line":355,"column":11},"end":{"line":391,"column":null}},"type":"binary-expr","locations":[{"start":{"line":355,"column":11},"end":{"line":355,"column":35}},{"start":{"line":356,"column":12},"end":{"line":390,"column":null}}]},"51":{"loc":{"start":{"line":365,"column":27},"end":{"line":369,"column":52}},"type":"cond-expr","locations":[{"start":{"line":366,"column":24},"end":{"line":366,"column":48}},{"start":{"line":367,"column":24},"end":{"line":369,"column":52}}]},"52":{"loc":{"start":{"line":367,"column":24},"end":{"line":369,"column":52}},"type":"cond-expr","locations":[{"start":{"line":368,"column":26},"end":{"line":368,"column":52}},{"start":{"line":369,"column":26},"end":{"line":369,"column":52}}]},"53":{"loc":{"start":{"line":383,"column":29},"end":{"line":387,"column":52}},"type":"cond-expr","locations":[{"start":{"line":384,"column":24},"end":{"line":384,"column":48}},{"start":{"line":385,"column":24},"end":{"line":387,"column":52}}]},"54":{"loc":{"start":{"line":385,"column":24},"end":{"line":387,"column":52}},"type":"cond-expr","locations":[{"start":{"line":386,"column":26},"end":{"line":386,"column":52}},{"start":{"line":387,"column":26},"end":{"line":387,"column":52}}]},"55":{"loc":{"start":{"line":395,"column":11},"end":{"line":402,"column":null}},"type":"binary-expr","locations":[{"start":{"line":395,"column":11},"end":{"line":395,"column":36}},{"start":{"line":396,"column":12},"end":{"line":401,"column":null}}]},"56":{"loc":{"start":{"line":406,"column":11},"end":{"line":421,"column":null}},"type":"binary-expr","locations":[{"start":{"line":406,"column":11},"end":{"line":406,"column":38}},{"start":{"line":406,"column":42},"end":{"line":406,"column":64}},{"start":{"line":407,"column":12},"end":{"line":420,"column":null}}]},"57":{"loc":{"start":{"line":412,"column":25},"end":{"line":416,"column":50}},"type":"cond-expr","locations":[{"start":{"line":413,"column":22},"end":{"line":413,"column":46}},{"start":{"line":414,"column":22},"end":{"line":416,"column":50}}]},"58":{"loc":{"start":{"line":414,"column":22},"end":{"line":416,"column":50}},"type":"cond-expr","locations":[{"start":{"line":415,"column":24},"end":{"line":415,"column":50}},{"start":{"line":416,"column":24},"end":{"line":416,"column":50}}]},"59":{"loc":{"start":{"line":425,"column":11},"end":{"line":429,"column":null}},"type":"binary-expr","locations":[{"start":{"line":425,"column":11},"end":{"line":425,"column":34}},{"start":{"line":426,"column":12},"end":{"line":428,"column":null}}]},"60":{"loc":{"start":{"line":441,"column":11},"end":{"line":454,"column":null}},"type":"binary-expr","locations":[{"start":{"line":441,"column":11},"end":{"line":441,"column":27}},{"start":{"line":442,"column":12},"end":{"line":453,"column":null}}]}},"s":{"0":1,"1":1,"2":1,"3":1,"4":0,"5":0,"6":0,"7":0,"8":0,"9":0,"10":0,"11":0,"12":0,"13":0,"14":0,"15":0,"16":0,"17":0,"18":0,"19":0,"20":0,"21":0,"22":0,"23":0,"24":0,"25":0,"26":0,"27":0,"28":0,"29":0,"30":0,"31":0,"32":0,"33":0,"34":0,"35":0,"36":0,"37":0,"38":0,"39":0,"40":0,"41":0,"42":0,"43":0,"44":0,"45":0,"46":0,"47":0,"48":0,"49":0,"50":0,"51":0,"52":0,"53":0,"54":0,"55":0,"56":0,"57":0,"58":0,"59":0,"60":0,"61":0,"62":0,"63":0,"64":0,"65":0,"66":0,"67":0,"68":0,"69":0,"70":0,"71":0,"72":0,"73":0,"74":0,"75":0,"76":0,"77":0,"78":0,"79":0,"80":0,"81":0,"82":0,"83":0,"84":0,"85":0,"86":0,"87":0,"88":0,"89":0,"90":0,"91":0,"92":0,"93":0,"94":0,"95":0,"96":0,"97":0,"98":0,"99":0,"100":0,"101":0,"102":0,"103":0,"104":0,"105":1},"f":{"0":0,"1":0,"2":0,"3":0,"4":0,"5":0,"6":0,"7":0,"8":0,"9":0,"10":0,"11":0},"b":{"0":[0],"1":[0],"2":[0],"3":[0],"4":[0],"5":[0],"6":[0],"7":[0],"8":[0],"9":[0,0,0,0,0],"10":[0,0,0],"11":[0],"12":[0,0],"13":[0,0],"14":[0,0],"15":[0,0],"16":[0],"17":[0],"18":[0,0],"19":[0],"20":[0],"21":[0],"22":[0],"23":[0],"24":[0],"25":[0],"26":[0,0],"27":[0,0],"28":[0,0],"29":[0,0,0],"30":[0,0],"31":[0,0],"32":[0,0],"33":[0,0],"34":[0,0],"35":[0,0],"36":[0,0],"37":[0,0],"38":[0],"39":[0,0],"40":[0],"41":[0],"42":[0,0,0,0,0,0],"43":[0],"44":[0],"45":[0],"46":[0,0],"47":[0,0],"48":[0,0],"49":[0,0],"50":[0,0],"51":[0,0],"52":[0,0],"53":[0,0],"54":[0,0],"55":[0,0],"56":[0,0,0],"57":[0,0],"58":[0,0],"59":[0,0],"60":[0,0]}}
,"/home/ofir/Documents/Clinic-app/frontend/src/components/PatientCommunication.tsx": {"path":"/home/ofir/Documents/Clinic-app/frontend/src/components/PatientCommunication.tsx","statementMap":{"0":{"start":{"line":1,"column":0},"end":{"line":1,"column":59}},"1":{"start":{"line":2,"column":0},"end":{"line":2,"column":null}},"2":{"start":{"line":17,"column":0},"end":{"line":17,"column":48}},"3":{"start":{"line":18,"column":0},"end":{"line":18,"column":60}},"4":{"start":{"line":19,"column":0},"end":{"line":19,"column":73}},"5":{"start":{"line":26,"column":66},"end":{"line":168,"column":1}},"6":{"start":{"line":27,"column":36},"end":{"line":27,"column":59}},"7":{"start":{"line":28,"column":40},"end":{"line":28,"column":52}},"8":{"start":{"line":29,"column":34},"end":{"line":29,"column":49}},"9":{"start":{"line":30,"column":34},"end":{"line":30,"column":49}},"10":{"start":{"line":31,"column":22},"end":{"line":31,"column":50}},"11":{"start":{"line":33,"column":4},"end":{"line":35,"column":20}},"12":{"start":{"line":34,"column":8},"end":{"line":34,"column":24}},"13":{"start":{"line":37,"column":4},"end":{"line":39,"column":19}},"14":{"start":{"line":38,"column":8},"end":{"line":38,"column":25}},"15":{"start":{"line":41,"column":26},"end":{"line":51,"column":5}},"16":{"start":{"line":42,"column":8},"end":{"line":42,"column":25}},"17":{"start":{"line":43,"column":8},"end":{"line":50,"column":9}},"18":{"start":{"line":44,"column":25},"end":{"line":44,"column":53}},"19":{"start":{"line":45,"column":12},"end":{"line":45,"column":36}},"20":{"start":{"line":47,"column":12},"end":{"line":47,"column":62}},"21":{"start":{"line":49,"column":12},"end":{"line":49,"column":30}},"22":{"start":{"line":53,"column":27},"end":{"line":55,"column":5}},"23":{"start":{"line":54,"column":8},"end":{"line":54,"column":66}},"24":{"start":{"line":57,"column":23},"end":{"line":86,"column":5}},"25":{"start":{"line":58,"column":8},"end":{"line":58,"column":39}},"26":{"start":{"line":58,"column":32},"end":{"line":58,"column":39}},"27":{"start":{"line":60,"column":8},"end":{"line":60,"column":25}},"28":{"start":{"line":61,"column":8},"end":{"line":85,"column":9}},"29":{"start":{"line":62,"column":32},"end":{"line":68,"column":14}},"30":{"start":{"line":71,"column":29},"end":{"line":77,"column":14}},"31":{"start":{"line":79,"column":12},"end":{"line":79,"column":60}},"32":{"start":{"line":80,"column":12},"end":{"line":80,"column":30}},"33":{"start":{"line":82,"column":12},"end":{"line":82,"column":60}},"34":{"start":{"line":84,"column":12},"end":{"line":84,"column":30}},"35":{"start":{"line":88,"column":4},"end":{"line":167,"column":6}},"36":{"start":{"line":107,"column":41},"end":{"line":107,"column":71}},"37":{"start":{"line":108,"column":28},"end":{"line":130,"column":30}},"38":{"start":{"line":148,"column":37},"end":{"line":148,"column":66}},"39":{"start":{"line":150,"column":24},"end":{"line":153,"column":25}},"40":{"start":{"line":151,"column":28},"end":{"line":151,"column":47}},"41":{"start":{"line":152,"column":28},"end":{"line":152,"column":41}},"42":{"start":{"line":170,"column":0},"end":{"line":170,"column":36}}},"fnMap":{"0":{"name":"(anonymous_1)","decl":{"start":{"line":26,"column":66},"end":{"line":26,"column":67}},"loc":{"start":{"line":26,"column":99},"end":{"line":168,"column":1}}},"1":{"name":"(anonymous_2)","decl":{"start":{"line":33,"column":14},"end":{"line":33,"column":17}},"loc":{"start":{"line":33,"column":19},"end":{"line":35,"column":5}}},"2":{"name":"(anonymous_3)","decl":{"start":{"line":37,"column":14},"end":{"line":37,"column":17}},"loc":{"start":{"line":37,"column":19},"end":{"line":39,"column":5}}},"3":{"name":"(anonymous_4)","decl":{"start":{"line":41,"column":26},"end":{"line":41,"column":31}},"loc":{"start":{"line":41,"column":37},"end":{"line":51,"column":5}}},"4":{"name":"(anonymous_5)","decl":{"start":{"line":53,"column":27},"end":{"line":53,"column":30}},"loc":{"start":{"line":53,"column":32},"end":{"line":55,"column":5}}},"5":{"name":"(anonymous_6)","decl":{"start":{"line":57,"column":23},"end":{"line":57,"column":28}},"loc":{"start":{"line":57,"column":34},"end":{"line":86,"column":5}}},"6":{"name":"(anonymous_7)","decl":{"start":{"line":106,"column":38},"end":{"line":106,"column":39}},"loc":{"start":{"line":106,"column":46},"end":{"line":131,"column":25}}},"7":{"name":"(anonymous_8)","decl":{"start":{"line":148,"column":30},"end":{"line":148,"column":31}},"loc":{"start":{"line":148,"column":37},"end":{"line":148,"column":66}}},"8":{"name":"(anonymous_9)","decl":{"start":{"line":149,"column":31},"end":{"line":149,"column":32}},"loc":{"start":{"line":149,"column":37},"end":{"line":154,"column":21}}}},"branchMap":{"0":{"loc":{"start":{"line":45,"column":24},"end":{"line":45,"column":34}},"type":"binary-expr","locations":[{"start":{"line":45,"column":24},"end":{"line":45,"column":28}},{"start":{"line":45,"column":32},"end":{"line":45,"column":34}}]},"1":{"loc":{"start":{"line":58,"column":8},"end":{"line":58,"column":39}},"type":"if","locations":[{"start":{"line":58,"column":8},"end":{"line":58,"column":39}}]},"2":{"loc":{"start":{"line":71,"column":29},"end":{"line":77,"column":14}},"type":"binary-expr","locations":[{"start":{"line":71,"column":29},"end":{"line":71,"column":40}},{"start":{"line":71,"column":44},"end":{"line":77,"column":14}}]},"3":{"loc":{"start":{"line":95,"column":17},"end":{"line":133,"column":null}},"type":"cond-expr","locations":[{"start":{"line":96,"column":20},"end":{"line":97,"column":null}},{"start":{"line":100,"column":20},"end":{"line":132,"column":null}}]},"4":{"loc":{"start":{"line":101,"column":25},"end":{"line":104,"column":null}},"type":"binary-expr","locations":[{"start":{"line":101,"column":25},"end":{"line":101,"column":46}},{"start":{"line":102,"column":28},"end":{"line":102,"column":null}}]},"5":{"loc":{"start":{"line":109,"column":100},"end":{"line":109,"column":128}},"type":"cond-expr","locations":[{"start":{"line":109,"column":107},"end":{"line":109,"column":120}},{"start":{"line":109,"column":123},"end":{"line":109,"column":128}}]},"6":{"loc":{"start":{"line":111,"column":63},"end":{"line":111,"column":103}},"type":"cond-expr","locations":[{"start":{"line":111,"column":70},"end":{"line":111,"column":84}},{"start":{"line":111,"column":87},"end":{"line":111,"column":103}}]},"7":{"loc":{"start":{"line":112,"column":45},"end":{"line":112,"column":62}},"type":"cond-expr","locations":[{"start":{"line":112,"column":52},"end":{"line":112,"column":56}},{"start":{"line":112,"column":59},"end":{"line":112,"column":62}}]},"8":{"loc":{"start":{"line":120,"column":53},"end":{"line":120,"column":78}},"type":"cond-expr","locations":[{"start":{"line":120,"column":60},"end":{"line":120,"column":69}},{"start":{"line":120,"column":72},"end":{"line":120,"column":78}}]},"9":{"loc":{"start":{"line":150,"column":24},"end":{"line":153,"column":25}},"type":"if","locations":[{"start":{"line":150,"column":24},"end":{"line":153,"column":25}}]},"10":{"loc":{"start":{"line":150,"column":28},"end":{"line":150,"column":60}},"type":"binary-expr","locations":[{"start":{"line":150,"column":28},"end":{"line":150,"column":45}},{"start":{"line":150,"column":49},"end":{"line":150,"column":60}}]},"11":{"loc":{"start":{"line":161,"column":30},"end":{"line":161,"column":59}},"type":"binary-expr","locations":[{"start":{"line":161,"column":30},"end":{"line":161,"column":48}},{"start":{"line":161,"column":52},"end":{"line":161,"column":59}}]}},"s":{"0":1,"1":1,"2":1,"3":1,"4":1,"5":1,"6":9,"7":9,"8":9,"9":9,"10":9,"11":9,"12":2,"13":9,"14":5,"15":9,"16":2,"17":2,"18":2,"19":2,"20":0,"21":2,"22":9,"23":5,"24":9,"25":1,"26":0,"27":1,"28":1,"29":1,"30":1,"31":1,"32":1,"33":0,"34":1,"35":9,"36":11,"37":11,"38":1,"39":0,"40":0,"41":0,"42":1},"f":{"0":9,"1":2,"2":5,"3":2,"4":5,"5":1,"6":11,"7":1,"8":0},"b":{"0":[2,0],"1":[0],"2":[1,0],"3":[2,7],"4":[7,2],"5":[6,5],"6":[6,5],"7":[6,5],"8":[6,5],"9":[0],"10":[0,0],"11":[9,2]}}
,"/home/ofir/Documents/Clinic-app/frontend/src/components/RecordingConsentDialog.tsx": {"path":"/home/ofir/Documents/Clinic-app/frontend/src/components/RecordingConsentDialog.tsx","statementMap":{"0":{"start":{"line":6,"column":0},"end":{"line":6,"column":72}},"1":{"start":{"line":7,"column":0},"end":{"line":7,"column":null}},"2":{"start":{"line":27,"column":0},"end":{"line":27,"column":null}},"3":{"start":{"line":40,"column":0},"end":{"line":40,"column":86}},"4":{"start":{"line":41,"column":0},"end":{"line":41,"column":61}},"5":{"start":{"line":56,"column":70},"end":{"line":482,"column":1}},"6":{"start":{"line":68,"column":16},"end":{"line":68,"column":26}},"7":{"start":{"line":69,"column":27},"end":{"line":69,"column":43}},"8":{"start":{"line":70,"column":29},"end":{"line":70,"column":60}},"9":{"start":{"line":73,"column":48},"end":{"line":79,"column":4}},"10":{"start":{"line":82,"column":44},"end":{"line":82,"column":59}},"11":{"start":{"line":83,"column":40},"end":{"line":83,"column":55}},"12":{"start":{"line":84,"column":42},"end":{"line":84,"column":57}},"13":{"start":{"line":85,"column":28},"end":{"line":85,"column":57}},"14":{"start":{"line":88,"column":36},"end":{"line":88,"column":51}},"15":{"start":{"line":89,"column":42},"end":{"line":89,"column":57}},"16":{"start":{"line":90,"column":32},"end":{"line":90,"column":56}},"17":{"start":{"line":93,"column":20},"end":{"line":95,"column":39}},"18":{"start":{"line":98,"column":2},"end":{"line":111,"column":13}},"19":{"start":{"line":99,"column":4},"end":{"line":110,"column":5}},"20":{"start":{"line":100,"column":21},"end":{"line":100,"column":47}},"21":{"start":{"line":101,"column":18},"end":{"line":101,"column":41}},"22":{"start":{"line":102,"column":6},"end":{"line":109,"column":7}},"23":{"start":{"line":103,"column":8},"end":{"line":103,"column":31}},"24":{"start":{"line":104,"column":8},"end":{"line":104,"column":56}},"25":{"start":{"line":105,"column":8},"end":{"line":105,"column":33}},"26":{"start":{"line":106,"column":8},"end":{"line":106,"column":26}},"27":{"start":{"line":107,"column":8},"end":{"line":107,"column":30}},"28":{"start":{"line":108,"column":8},"end":{"line":108,"column":31}},"29":{"start":{"line":114,"column":2},"end":{"line":127,"column":28}},"30":{"start":{"line":115,"column":4},"end":{"line":126,"column":5}},"31":{"start":{"line":116,"column":6},"end":{"line":116,"column":30}},"32":{"start":{"line":117,"column":6},"end":{"line":117,"column":21}},"33":{"start":{"line":118,"column":6},"end":{"line":118,"column":29}},"34":{"start":{"line":119,"column":6},"end":{"line":125,"column":9}},"35":{"start":{"line":130,"column":23},"end":{"line":142,"column":3}},"36":{"start":{"line":131,"column":19},"end":{"line":131,"column":45}},"37":{"start":{"line":132,"column":4},"end":{"line":132,"column":39}},"38":{"start":{"line":132,"column":17},"end":{"line":132,"column":39}},"39":{"start":{"line":134,"column":17},"end":{"line":134,"column":47}},"40":{"start":{"line":135,"column":20},"end":{"line":135,"column":69}},"41":{"start":{"line":136,"column":20},"end":{"line":136,"column":69}},"42":{"start":{"line":138,"column":4},"end":{"line":141,"column":6}},"43":{"start":{"line":144,"column":23},"end":{"line":147,"column":3}},"44":{"start":{"line":145,"column":4},"end":{"line":145,"column":23}},"45":{"start":{"line":146,"column":4},"end":{"line":146,"column":32}},"46":{"start":{"line":149,"column":15},"end":{"line":162,"column":3}},"47":{"start":{"line":150,"column":4},"end":{"line":150,"column":58}},"48":{"start":{"line":150,"column":51},"end":{"line":150,"column":58}},"49":{"start":{"line":152,"column":16},"end":{"line":152,"column":59}},"50":{"start":{"line":153,"column":4},"end":{"line":153,"column":21}},"51":{"start":{"line":153,"column":14},"end":{"line":153,"column":21}},"52":{"start":{"line":155,"column":16},"end":{"line":155,"column":31}},"53":{"start":{"line":156,"column":4},"end":{"line":156,"column":20}},"54":{"start":{"line":157,"column":4},"end":{"line":157,"column":37}},"55":{"start":{"line":158,"column":4},"end":{"line":158,"column":29}},"56":{"start":{"line":159,"column":4},"end":{"line":159,"column":17}},"57":{"start":{"line":160,"column":4},"end":{"line":160,"column":20}},"58":{"start":{"line":161,"column":4},"end":{"line":161,"column":26}},"59":{"start":{"line":164,"column":22},"end":{"line":166,"column":3}},"60":{"start":{"line":165,"column":4},"end":{"line":165,"column":24}},"61":{"start":{"line":168,"column":25},"end":{"line":177,"column":3}},"62":{"start":{"line":169,"column":4},"end":{"line":175,"column":5}},"63":{"start":{"line":170,"column":18},"end":{"line":170,"column":61}},"64":{"start":{"line":171,"column":6},"end":{"line":174,"column":7}},"65":{"start":{"line":172,"column":8},"end":{"line":172,"column":31}},"66":{"start":{"line":173,"column":8},"end":{"line":173,"column":96}},"67":{"start":{"line":176,"column":4},"end":{"line":176,"column":27}},"68":{"start":{"line":179,"column":27},"end":{"line":182,"column":3}},"69":{"start":{"line":180,"column":4},"end":{"line":180,"column":71}},"70":{"start":{"line":180,"column":54},"end":{"line":180,"column":71}},"71":{"start":{"line":181,"column":4},"end":{"line":181,"column":61}},"72":{"start":{"line":184,"column":30},"end":{"line":189,"column":3}},"73":{"start":{"line":185,"column":4},"end":{"line":188,"column":8}},"74":{"start":{"line":185,"column":32},"end":{"line":188,"column":6}},"75":{"start":{"line":191,"column":23},"end":{"line":225,"column":3}},"76":{"start":{"line":192,"column":4},"end":{"line":192,"column":26}},"77":{"start":{"line":193,"column":4},"end":{"line":193,"column":19}},"78":{"start":{"line":195,"column":4},"end":{"line":224,"column":5}},"79":{"start":{"line":196,"column":44},"end":{"line":203,"column":8}},"80":{"start":{"line":205,"column":22},"end":{"line":205,"column":50}},"81":{"start":{"line":208,"column":6},"end":{"line":215,"column":9}},"82":{"start":{"line":217,"column":6},"end":{"line":217,"column":50}},"83":{"start":{"line":219,"column":27},"end":{"line":219,"column":90}},"84":{"start":{"line":220,"column":6},"end":{"line":220,"column":29}},"85":{"start":{"line":221,"column":6},"end":{"line":221,"column":55}},"86":{"start":{"line":223,"column":6},"end":{"line":223,"column":29}},"87":{"start":{"line":227,"column":24},"end":{"line":236,"column":3}},"88":{"start":{"line":228,"column":4},"end":{"line":233,"column":7}},"89":{"start":{"line":234,"column":4},"end":{"line":234,"column":22}},"90":{"start":{"line":235,"column":4},"end":{"line":235,"column":14}},"91":{"start":{"line":238,"column":2},"end":{"line":481,"column":4}},"92":{"start":{"line":262,"column":64},"end":{"line":262,"column":78}},"93":{"start":{"line":285,"column":34},"end":{"line":285,"column":71}},"94":{"start":{"line":301,"column":36},"end":{"line":301,"column":73}},"95":{"start":{"line":317,"column":34},"end":{"line":317,"column":70}},"96":{"start":{"line":332,"column":34},"end":{"line":332,"column":67}},"97":{"start":{"line":347,"column":34},"end":{"line":347,"column":64}},"98":{"start":{"line":364,"column":27},"end":{"line":364,"column":55}},"99":{"start":{"line":434,"column":31},"end":{"line":434,"column":65}},"100":{"start":{"line":484,"column":0},"end":{"line":484,"column":38}}},"fnMap":{"0":{"name":"(anonymous_0)","decl":{"start":{"line":56,"column":70},"end":{"line":56,"column":71}},"loc":{"start":{"line":67,"column":5},"end":{"line":482,"column":1}}},"1":{"name":"(anonymous_1)","decl":{"start":{"line":98,"column":12},"end":{"line":98,"column":15}},"loc":{"start":{"line":98,"column":17},"end":{"line":111,"column":3}}},"2":{"name":"(anonymous_2)","decl":{"start":{"line":114,"column":12},"end":{"line":114,"column":15}},"loc":{"start":{"line":114,"column":17},"end":{"line":127,"column":3}}},"3":{"name":"(anonymous_3)","decl":{"start":{"line":130,"column":23},"end":{"line":130,"column":24}},"loc":{"start":{"line":130,"column":66},"end":{"line":142,"column":3}}},"4":{"name":"(anonymous_4)","decl":{"start":{"line":144,"column":23},"end":{"line":144,"column":24}},"loc":{"start":{"line":144,"column":66},"end":{"line":147,"column":3}}},"5":{"name":"(anonymous_5)","decl":{"start":{"line":149,"column":15},"end":{"line":149,"column":16}},"loc":{"start":{"line":149,"column":58},"end":{"line":162,"column":3}}},"6":{"name":"(anonymous_6)","decl":{"start":{"line":164,"column":22},"end":{"line":164,"column":25}},"loc":{"start":{"line":164,"column":27},"end":{"line":166,"column":3}}},"7":{"name":"(anonymous_7)","decl":{"start":{"line":168,"column":25},"end":{"line":168,"column":28}},"loc":{"start":{"line":168,"column":30},"end":{"line":177,"column":3}}},"8":{"name":"(anonymous_8)","decl":{"start":{"line":179,"column":27},"end":{"line":179,"column":50}},"loc":{"start":{"line":179,"column":52},"end":{"line":182,"column":3}}},"9":{"name":"(anonymous_9)","decl":{"start":{"line":184,"column":30},"end":{"line":184,"column":31}},"loc":{"start":{"line":184,"column":65},"end":{"line":189,"column":3}}},"10":{"name":"(anonymous_10)","decl":{"start":{"line":185,"column":23},"end":{"line":185,"column":27}},"loc":{"start":{"line":185,"column":32},"end":{"line":188,"column":6}}},"11":{"name":"(anonymous_11)","decl":{"start":{"line":191,"column":23},"end":{"line":191,"column":28}},"loc":{"start":{"line":191,"column":34},"end":{"line":225,"column":3}}},"12":{"name":"(anonymous_12)","decl":{"start":{"line":227,"column":24},"end":{"line":227,"column":27}},"loc":{"start":{"line":227,"column":29},"end":{"line":236,"column":3}}},"13":{"name":"(anonymous_13)","decl":{"start":{"line":262,"column":58},"end":{"line":262,"column":61}},"loc":{"start":{"line":262,"column":64},"end":{"line":262,"column":78}}},"14":{"name":"(anonymous_14)","decl":{"start":{"line":285,"column":28},"end":{"line":285,"column":31}},"loc":{"start":{"line":285,"column":34},"end":{"line":285,"column":71}}},"15":{"name":"(anonymous_15)","decl":{"start":{"line":301,"column":30},"end":{"line":301,"column":33}},"loc":{"start":{"line":301,"column":36},"end":{"line":301,"column":73}}},"16":{"name":"(anonymous_16)","decl":{"start":{"line":317,"column":28},"end":{"line":317,"column":31}},"loc":{"start":{"line":317,"column":34},"end":{"line":317,"column":70}}},"17":{"name":"(anonymous_17)","decl":{"start":{"line":332,"column":28},"end":{"line":332,"column":31}},"loc":{"start":{"line":332,"column":34},"end":{"line":332,"column":67}}},"18":{"name":"(anonymous_18)","decl":{"start":{"line":347,"column":28},"end":{"line":347,"column":31}},"loc":{"start":{"line":347,"column":34},"end":{"line":347,"column":64}}},"19":{"name":"(anonymous_19)","decl":{"start":{"line":364,"column":21},"end":{"line":364,"column":24}},"loc":{"start":{"line":364,"column":27},"end":{"line":364,"column":55}}},"20":{"name":"(anonymous_20)","decl":{"start":{"line":434,"column":24},"end":{"line":434,"column":25}},"loc":{"start":{"line":434,"column":31},"end":{"line":434,"column":65}}}},"branchMap":{"0":{"loc":{"start":{"line":65,"column":2},"end":{"line":65,"column":25}},"type":"default-arg","locations":[{"start":{"line":65,"column":18},"end":{"line":65,"column":25}}]},"1":{"loc":{"start":{"line":66,"column":2},"end":{"line":66,"column":26}},"type":"default-arg","locations":[{"start":{"line":66,"column":21},"end":{"line":66,"column":26}}]},"2":{"loc":{"start":{"line":93,"column":20},"end":{"line":95,"column":39}},"type":"binary-expr","locations":[{"start":{"line":93,"column":20},"end":{"line":93,"column":33}},{"start":{"line":94,"column":5},"end":{"line":94,"column":35}},{"start":{"line":94,"column":39},"end":{"line":94,"column":69}},{"start":{"line":95,"column":5},"end":{"line":95,"column":22}},{"start":{"line":95,"column":26},"end":{"line":95,"column":38}}]},"3":{"loc":{"start":{"line":99,"column":4},"end":{"line":110,"column":5}},"type":"if","locations":[{"start":{"line":99,"column":4},"end":{"line":110,"column":5}}]},"4":{"loc":{"start":{"line":99,"column":8},"end":{"line":99,"column":42}},"type":"binary-expr","locations":[{"start":{"line":99,"column":8},"end":{"line":99,"column":12}},{"start":{"line":99,"column":16},"end":{"line":99,"column":42}}]},"5":{"loc":{"start":{"line":102,"column":6},"end":{"line":109,"column":7}},"type":"if","locations":[{"start":{"line":102,"column":6},"end":{"line":109,"column":7}}]},"6":{"loc":{"start":{"line":115,"column":4},"end":{"line":126,"column":5}},"type":"if","locations":[{"start":{"line":115,"column":4},"end":{"line":126,"column":5}}]},"7":{"loc":{"start":{"line":132,"column":4},"end":{"line":132,"column":39}},"type":"if","locations":[{"start":{"line":132,"column":4},"end":{"line":132,"column":39}}]},"8":{"loc":{"start":{"line":135,"column":20},"end":{"line":135,"column":69}},"type":"cond-expr","locations":[{"start":{"line":135,"column":37},"end":{"line":135,"column":57}},{"start":{"line":135,"column":60},"end":{"line":135,"column":69}}]},"9":{"loc":{"start":{"line":136,"column":20},"end":{"line":136,"column":69}},"type":"cond-expr","locations":[{"start":{"line":136,"column":37},"end":{"line":136,"column":57}},{"start":{"line":136,"column":60},"end":{"line":136,"column":69}}]},"10":{"loc":{"start":{"line":150,"column":4},"end":{"line":150,"column":58}},"type":"if","locations":[{"start":{"line":150,"column":4},"end":{"line":150,"column":58}}]},"11":{"loc":{"start":{"line":150,"column":8},"end":{"line":150,"column":49}},"type":"binary-expr","locations":[{"start":{"line":150,"column":8},"end":{"line":150,"column":18}},{"start":{"line":150,"column":22},"end":{"line":150,"column":49}}]},"12":{"loc":{"start":{"line":153,"column":4},"end":{"line":153,"column":21}},"type":"if","locations":[{"start":{"line":153,"column":4},"end":{"line":153,"column":21}}]},"13":{"loc":{"start":{"line":169,"column":4},"end":{"line":175,"column":5}},"type":"if","locations":[{"start":{"line":169,"column":4},"end":{"line":175,"column":5}}]},"14":{"loc":{"start":{"line":171,"column":6},"end":{"line":174,"column":7}},"type":"if","locations":[{"start":{"line":171,"column":6},"end":{"line":174,"column":7}}]},"15":{"loc":{"start":{"line":180,"column":4},"end":{"line":180,"column":71}},"type":"if","locations":[{"start":{"line":180,"column":4},"end":{"line":180,"column":71}}]},"16":{"loc":{"start":{"line":180,"column":8},"end":{"line":180,"column":52}},"type":"binary-expr","locations":[{"start":{"line":180,"column":8},"end":{"line":180,"column":21}},{"start":{"line":180,"column":25},"end":{"line":180,"column":52}}]},"17":{"loc":{"start":{"line":219,"column":27},"end":{"line":219,"column":90}},"type":"cond-expr","locations":[{"start":{"line":219,"column":50},"end":{"line":219,"column":61}},{"start":{"line":219,"column":64},"end":{"line":219,"column":90}}]},"18":{"loc":{"start":{"line":261,"column":9},"end":{"line":264,"column":null}},"type":"binary-expr","locations":[{"start":{"line":261,"column":9},"end":{"line":261,"column":14}},{"start":{"line":262,"column":10},"end":{"line":263,"column":null}}]},"19":{"loc":{"start":{"line":296,"column":13},"end":{"line":311,"column":null}},"type":"binary-expr","locations":[{"start":{"line":296,"column":13},"end":{"line":296,"column":38}},{"start":{"line":297,"column":14},"end":{"line":309,"column":null}}]},"20":{"loc":{"start":{"line":365,"column":21},"end":{"line":365,"column":68}},"type":"cond-expr","locations":[{"start":{"line":365,"column":35},"end":{"line":365,"column":51}},{"start":{"line":365,"column":54},"end":{"line":365,"column":68}}]},"21":{"loc":{"start":{"line":368,"column":13},"end":{"line":368,"column":42}},"type":"cond-expr","locations":[{"start":{"line":368,"column":27},"end":{"line":368,"column":33}},{"start":{"line":368,"column":36},"end":{"line":368,"column":42}}]},"22":{"loc":{"start":{"line":386,"column":9},"end":{"line":424,"column":null}},"type":"binary-expr","locations":[{"start":{"line":386,"column":9},"end":{"line":386,"column":25}},{"start":{"line":387,"column":10},"end":{"line":423,"column":null}}]},"23":{"loc":{"start":{"line":474,"column":20},"end":{"line":474,"column":46}},"type":"binary-expr","locations":[{"start":{"line":474,"column":20},"end":{"line":474,"column":30}},{"start":{"line":474,"column":34},"end":{"line":474,"column":46}}]},"24":{"loc":{"start":{"line":475,"column":21},"end":{"line":475,"column":126}},"type":"cond-expr","locations":[{"start":{"line":475,"column":36},"end":{"line":475,"column":66}},{"start":{"line":475,"column":70},"end":{"line":475,"column":125}}]},"25":{"loc":{"start":{"line":475,"column":70},"end":{"line":475,"column":125}},"type":"cond-expr","locations":[{"start":{"line":475,"column":98},"end":{"line":475,"column":109}},{"start":{"line":475,"column":112},"end":{"line":475,"column":125}}]},"26":{"loc":{"start":{"line":477,"column":11},"end":{"line":477,"column":73}},"type":"cond-expr","locations":[{"start":{"line":477,"column":26},"end":{"line":477,"column":41}},{"start":{"line":477,"column":44},"end":{"line":477,"column":73}}]}},"s":{"0":1,"1":1,"2":1,"3":1,"4":1,"5":1,"6":20,"7":20,"8":20,"9":20,"10":20,"11":20,"12":20,"13":20,"14":20,"15":20,"16":20,"17":20,"18":20,"19":7,"20":0,"21":0,"22":0,"23":0,"24":0,"25":0,"26":0,"27":0,"28":0,"29":20,"30":7,"31":7,"32":7,"33":7,"34":7,"35":20,"36":0,"37":0,"38":0,"39":0,"40":0,"41":0,"42":0,"43":20,"44":0,"45":0,"46":20,"47":0,"48":0,"49":0,"50":0,"51":0,"52":0,"53":0,"54":0,"55":0,"56":0,"57":0,"58":0,"59":20,"60":0,"61":20,"62":0,"63":0,"64":0,"65":0,"66":0,"67":0,"68":20,"69":1,"70":1,"71":0,"72":20,"73":1,"74":1,"75":20,"76":1,"77":1,"78":1,"79":1,"80":1,"81":1,"82":1,"83":0,"84":0,"85":0,"86":1,"87":20,"88":1,"89":1,"90":1,"91":20,"92":0,"93":0,"94":0,"95":0,"96":1,"97":0,"98":1,"99":2,"100":1},"f":{"0":20,"1":7,"2":7,"3":0,"4":0,"5":0,"6":0,"7":0,"8":1,"9":1,"10":1,"11":1,"12":1,"13":0,"14":0,"15":0,"16":0,"17":1,"18":0,"19":1,"20":2},"b":{"0":[0],"1":[0],"2":[20,4,0,4,0],"3":[0],"4":[7,7],"5":[0],"6":[7],"7":[0],"8":[0,0],"9":[0,0],"10":[0],"11":[0,0],"12":[0],"13":[0],"14":[0],"15":[1],"16":[1,0],"17":[0,0],"18":[20,0],"19":[20,18],"20":[1,19],"21":[1,19],"22":[20,0],"23":[20,4],"24":[1,19],"25":[2,17],"26":[1,19]}}
,"/home/ofir/Documents/Clinic-app/frontend/src/components/RecordingParticipants.tsx": {"path":"/home/ofir/Documents/Clinic-app/frontend/src/components/RecordingParticipants.tsx","statementMap":{"0":{"start":{"line":6,"column":0},"end":{"line":6,"column":51}},"1":{"start":{"line":7,"column":0},"end":{"line":7,"column":null}},"2":{"start":{"line":21,"column":0},"end":{"line":21,"column":null}},"3":{"start":{"line":32,"column":0},"end":{"line":32,"column":53}},"4":{"start":{"line":55,"column":68},"end":{"line":409,"column":1}},"5":{"start":{"line":63,"column":16},"end":{"line":63,"column":26}},"6":{"start":{"line":64,"column":42},"end":{"line":64,"column":69}},"7":{"start":{"line":65,"column":34},"end":{"line":65,"column":56}},"8":{"start":{"line":73,"column":6},"end":{"line":78,"column":4}},"9":{"start":{"line":81,"column":2},"end":{"line":163,"column":85}},"10":{"start":{"line":82,"column":36},"end":{"line":156,"column":5}},"11":{"start":{"line":83,"column":6},"end":{"line":155,"column":7}},"12":{"start":{"line":85,"column":10},"end":{"line":103,"column":13}},"13":{"start":{"line":87,"column":12},"end":{"line":89,"column":13}},"14":{"start":{"line":87,"column":31},"end":{"line":87,"column":53}},"15":{"start":{"line":88,"column":14},"end":{"line":88,"column":26}},"16":{"start":{"line":90,"column":48},"end":{"line":100,"column":14}},"17":{"start":{"line":101,"column":12},"end":{"line":101,"column":48}},"18":{"start":{"line":102,"column":12},"end":{"line":102,"column":45}},"19":{"start":{"line":104,"column":10},"end":{"line":104,"column":16}},"20":{"start":{"line":107,"column":10},"end":{"line":107,"column":87}},"21":{"start":{"line":107,"column":34},"end":{"line":107,"column":85}},"22":{"start":{"line":107,"column":51},"end":{"line":107,"column":84}},"23":{"start":{"line":108,"column":10},"end":{"line":108,"column":57}},"24":{"start":{"line":109,"column":10},"end":{"line":109,"column":16}},"25":{"start":{"line":112,"column":10},"end":{"line":124,"column":12}},"26":{"start":{"line":113,"column":12},"end":{"line":122,"column":null}},"27":{"start":{"line":114,"column":14},"end":{"line":122,"column":19}},"28":{"start":{"line":125,"column":10},"end":{"line":125,"column":16}},"29":{"start":{"line":128,"column":10},"end":{"line":134,"column":12}},"30":{"start":{"line":129,"column":12},"end":{"line":132,"column":null}},"31":{"start":{"line":130,"column":14},"end":{"line":132,"column":19}},"32":{"start":{"line":135,"column":10},"end":{"line":135,"column":16}},"33":{"start":{"line":138,"column":10},"end":{"line":144,"column":12}},"34":{"start":{"line":139,"column":12},"end":{"line":142,"column":null}},"35":{"start":{"line":140,"column":14},"end":{"line":142,"column":19}},"36":{"start":{"line":145,"column":10},"end":{"line":145,"column":16}},"37":{"start":{"line":149,"column":10},"end":{"line":153,"column":15}},"38":{"start":{"line":149,"column":67},"end":{"line":153,"column":12}},"39":{"start":{"line":154,"column":10},"end":{"line":154,"column":16}},"40":{"start":{"line":158,"column":4},"end":{"line":158,"column":57}},"41":{"start":{"line":160,"column":4},"end":{"line":162,"column":6}},"42":{"start":{"line":161,"column":6},"end":{"line":161,"column":62}},"43":{"start":{"line":166,"column":22},"end":{"line":173,"column":3}},"44":{"start":{"line":167,"column":4},"end":{"line":172,"column":19}},"45":{"start":{"line":169,"column":16},"end":{"line":169,"column":20}},"46":{"start":{"line":176,"column":23},"end":{"line":178,"column":3}},"47":{"start":{"line":177,"column":4},"end":{"line":177,"column":88}},"48":{"start":{"line":181,"column":25},"end":{"line":192,"column":3}},"49":{"start":{"line":182,"column":4},"end":{"line":191,"column":5}},"50":{"start":{"line":184,"column":8},"end":{"line":184,"column":42}},"51":{"start":{"line":186,"column":8},"end":{"line":186,"column":42}},"52":{"start":{"line":188,"column":8},"end":{"line":188,"column":40}},"53":{"start":{"line":190,"column":8},"end":{"line":190,"column":39}},"54":{"start":{"line":195,"column":28},"end":{"line":262,"column":null}},"55":{"start":{"line":196,"column":4},"end":{"line":261,"column":null}},"56":{"start":{"line":199,"column":10},"end":{"line":200,"column":null}},"57":{"start":{"line":258,"column":48},"end":{"line":258,"column":70}},"58":{"start":{"line":266,"column":29},"end":{"line":379,"column":null}},"59":{"start":{"line":267,"column":4},"end":{"line":378,"column":null}},"60":{"start":{"line":275,"column":12},"end":{"line":276,"column":null}},"61":{"start":{"line":382,"column":2},"end":{"line":408,"column":4}},"62":{"start":{"line":411,"column":0},"end":{"line":411,"column":37}}},"fnMap":{"0":{"name":"(anonymous_0)","decl":{"start":{"line":55,"column":68},"end":{"line":55,"column":69}},"loc":{"start":{"line":62,"column":5},"end":{"line":409,"column":1}}},"1":{"name":"(anonymous_1)","decl":{"start":{"line":81,"column":12},"end":{"line":81,"column":15}},"loc":{"start":{"line":81,"column":17},"end":{"line":163,"column":3}}},"2":{"name":"(anonymous_2)","decl":{"start":{"line":82,"column":36},"end":{"line":82,"column":37}},"loc":{"start":{"line":82,"column":75},"end":{"line":156,"column":5}}},"3":{"name":"(anonymous_3)","decl":{"start":{"line":85,"column":26},"end":{"line":85,"column":30}},"loc":{"start":{"line":85,"column":33},"end":{"line":103,"column":11}}},"4":{"name":"(anonymous_4)","decl":{"start":{"line":87,"column":26},"end":{"line":87,"column":27}},"loc":{"start":{"line":87,"column":31},"end":{"line":87,"column":53}}},"5":{"name":"(anonymous_5)","decl":{"start":{"line":107,"column":26},"end":{"line":107,"column":30}},"loc":{"start":{"line":107,"column":34},"end":{"line":107,"column":85}}},"6":{"name":"(anonymous_6)","decl":{"start":{"line":107,"column":46},"end":{"line":107,"column":47}},"loc":{"start":{"line":107,"column":51},"end":{"line":107,"column":84}}},"7":{"name":"(anonymous_7)","decl":{"start":{"line":112,"column":26},"end":{"line":112,"column":30}},"loc":{"start":{"line":113,"column":12},"end":{"line":122,"column":null}}},"8":{"name":"(anonymous_8)","decl":{"start":{"line":113,"column":21},"end":{"line":113,"column":22}},"loc":{"start":{"line":114,"column":14},"end":{"line":122,"column":19}}},"9":{"name":"(anonymous_9)","decl":{"start":{"line":128,"column":26},"end":{"line":128,"column":30}},"loc":{"start":{"line":129,"column":12},"end":{"line":132,"column":null}}},"10":{"name":"(anonymous_10)","decl":{"start":{"line":129,"column":21},"end":{"line":129,"column":22}},"loc":{"start":{"line":130,"column":14},"end":{"line":132,"column":19}}},"11":{"name":"(anonymous_11)","decl":{"start":{"line":138,"column":26},"end":{"line":138,"column":30}},"loc":{"start":{"line":139,"column":12},"end":{"line":142,"column":null}}},"12":{"name":"(anonymous_12)","decl":{"start":{"line":139,"column":21},"end":{"line":139,"column":22}},"loc":{"start":{"line":140,"column":14},"end":{"line":142,"column":19}}},"13":{"name":"(anonymous_13)","decl":{"start":{"line":149,"column":54},"end":{"line":149,"column":55}},"loc":{"start":{"line":149,"column":67},"end":{"line":153,"column":12}}},"14":{"name":"(anonymous_14)","decl":{"start":{"line":160,"column":11},"end":{"line":160,"column":14}},"loc":{"start":{"line":160,"column":16},"end":{"line":162,"column":5}}},"15":{"name":"(anonymous_15)","decl":{"start":{"line":166,"column":22},"end":{"line":166,"column":23}},"loc":{"start":{"line":166,"column":47},"end":{"line":173,"column":3}}},"16":{"name":"(anonymous_16)","decl":{"start":{"line":169,"column":11},"end":{"line":169,"column":12}},"loc":{"start":{"line":169,"column":16},"end":{"line":169,"column":20}}},"17":{"name":"(anonymous_17)","decl":{"start":{"line":176,"column":23},"end":{"line":176,"column":24}},"loc":{"start":{"line":176,"column":60},"end":{"line":178,"column":3}}},"18":{"name":"(anonymous_18)","decl":{"start":{"line":181,"column":25},"end":{"line":181,"column":26}},"loc":{"start":{"line":181,"column":77},"end":{"line":192,"column":3}}},"19":{"name":"(anonymous_19)","decl":{"start":{"line":195,"column":28},"end":{"line":195,"column":31}},"loc":{"start":{"line":196,"column":4},"end":{"line":261,"column":null}}},"20":{"name":"(anonymous_20)","decl":{"start":{"line":198,"column":26},"end":{"line":198,"column":37}},"loc":{"start":{"line":199,"column":10},"end":{"line":200,"column":null}}},"21":{"name":"(anonymous_21)","decl":{"start":{"line":258,"column":42},"end":{"line":258,"column":45}},"loc":{"start":{"line":258,"column":48},"end":{"line":258,"column":70}}},"22":{"name":"(anonymous_22)","decl":{"start":{"line":266,"column":29},"end":{"line":266,"column":32}},"loc":{"start":{"line":267,"column":4},"end":{"line":378,"column":null}}},"23":{"name":"(anonymous_23)","decl":{"start":{"line":274,"column":27},"end":{"line":274,"column":38}},"loc":{"start":{"line":275,"column":12},"end":{"line":276,"column":null}}}},"branchMap":{"0":{"loc":{"start":{"line":60,"column":2},"end":{"line":60,"column":22}},"type":"default-arg","locations":[{"start":{"line":60,"column":17},"end":{"line":60,"column":22}}]},"1":{"loc":{"start":{"line":61,"column":2},"end":{"line":61,"column":18}},"type":"default-arg","locations":[{"start":{"line":61,"column":17},"end":{"line":61,"column":18}}]},"2":{"loc":{"start":{"line":83,"column":6},"end":{"line":155,"column":7}},"type":"switch","locations":[{"start":{"line":84,"column":8},"end":{"line":104,"column":16}},{"start":{"line":106,"column":8},"end":{"line":109,"column":16}},{"start":{"line":111,"column":8},"end":{"line":125,"column":16}},{"start":{"line":127,"column":8},"end":{"line":135,"column":16}},{"start":{"line":137,"column":8},"end":{"line":145,"column":16}},{"start":{"line":147,"column":8},"end":{"line":154,"column":16}}]},"3":{"loc":{"start":{"line":87,"column":12},"end":{"line":89,"column":13}},"type":"if","locations":[{"start":{"line":87,"column":12},"end":{"line":89,"column":13}}]},"4":{"loc":{"start":{"line":95,"column":27},"end":{"line":95,"column":58}},"type":"binary-expr","locations":[{"start":{"line":95,"column":27},"end":{"line":95,"column":49}},{"start":{"line":95,"column":53},"end":{"line":95,"column":58}}]},"5":{"loc":{"start":{"line":96,"column":24},"end":{"line":96,"column":52}},"type":"binary-expr","locations":[{"start":{"line":96,"column":24},"end":{"line":96,"column":43}},{"start":{"line":96,"column":47},"end":{"line":96,"column":52}}]},"6":{"loc":{"start":{"line":97,"column":24},"end":{"line":97,"column":52}},"type":"binary-expr","locations":[{"start":{"line":97,"column":24},"end":{"line":97,"column":43}},{"start":{"line":97,"column":47},"end":{"line":97,"column":52}}]},"7":{"loc":{"start":{"line":114,"column":14},"end":{"line":122,"column":19}},"type":"cond-expr","locations":[{"start":{"line":115,"column":18},"end":{"line":121,"column":null}},{"start":{"line":122,"column":18},"end":{"line":122,"column":19}}]},"8":{"loc":{"start":{"line":117,"column":33},"end":{"line":117,"column":72}},"type":"binary-expr","locations":[{"start":{"line":117,"column":33},"end":{"line":117,"column":55}},{"start":{"line":117,"column":59},"end":{"line":117,"column":72}}]},"9":{"loc":{"start":{"line":118,"column":30},"end":{"line":118,"column":63}},"type":"binary-expr","locations":[{"start":{"line":118,"column":30},"end":{"line":118,"column":49}},{"start":{"line":118,"column":53},"end":{"line":118,"column":63}}]},"10":{"loc":{"start":{"line":119,"column":30},"end":{"line":119,"column":63}},"type":"binary-expr","locations":[{"start":{"line":119,"column":30},"end":{"line":119,"column":49}},{"start":{"line":119,"column":53},"end":{"line":119,"column":63}}]},"11":{"loc":{"start":{"line":120,"column":38},"end":{"line":120,"column":87}},"type":"binary-expr","locations":[{"start":{"line":120,"column":38},"end":{"line":120,"column":65}},{"start":{"line":120,"column":69},"end":{"line":120,"column":87}}]},"12":{"loc":{"start":{"line":130,"column":14},"end":{"line":132,"column":19}},"type":"cond-expr","locations":[{"start":{"line":131,"column":18},"end":{"line":131,"column":45}},{"start":{"line":132,"column":18},"end":{"line":132,"column":19}}]},"13":{"loc":{"start":{"line":140,"column":14},"end":{"line":142,"column":19}},"type":"cond-expr","locations":[{"start":{"line":141,"column":18},"end":{"line":141,"column":46}},{"start":{"line":142,"column":18},"end":{"line":142,"column":19}}]},"14":{"loc":{"start":{"line":177,"column":11},"end":{"line":177,"column":87}},"type":"cond-expr","locations":[{"start":{"line":177,"column":30},"end":{"line":177,"column":56}},{"start":{"line":177,"column":59},"end":{"line":177,"column":87}}]},"15":{"loc":{"start":{"line":182,"column":4},"end":{"line":191,"column":5}},"type":"switch","locations":[{"start":{"line":183,"column":6},"end":{"line":184,"column":42}},{"start":{"line":185,"column":6},"end":{"line":186,"column":42}},{"start":{"line":187,"column":6},"end":{"line":188,"column":40}},{"start":{"line":189,"column":6},"end":{"line":190,"column":39}}]},"16":{"loc":{"start":{"line":205,"column":19},"end":{"line":205,"column":68}},"type":"cond-expr","locations":[{"start":{"line":205,"column":50},"end":{"line":205,"column":57}},{"start":{"line":205,"column":60},"end":{"line":205,"column":68}}]},"17":{"loc":{"start":{"line":206,"column":19},"end":{"line":206,"column":64}},"type":"cond-expr","locations":[{"start":{"line":206,"column":45},"end":{"line":206,"column":59}},{"start":{"line":206,"column":62},"end":{"line":206,"column":64}}]},"18":{"loc":{"start":{"line":215,"column":16},"end":{"line":224,"column":24}},"type":"cond-expr","locations":[{"start":{"line":216,"column":18},"end":{"line":222,"column":null}},{"start":{"line":224,"column":20},"end":{"line":224,"column":24}}]},"19":{"loc":{"start":{"line":246,"column":41},"end":{"line":246,"column":118}},"type":"cond-expr","locations":[{"start":{"line":246,"column":76},"end":{"line":246,"column":102}},{"start":{"line":246,"column":105},"end":{"line":246,"column":118}}]},"20":{"loc":{"start":{"line":257,"column":7},"end":{"line":260,"column":null}},"type":"binary-expr","locations":[{"start":{"line":257,"column":7},"end":{"line":257,"column":30}},{"start":{"line":258,"column":8},"end":{"line":259,"column":null}}]},"21":{"loc":{"start":{"line":259,"column":11},"end":{"line":259,"column":55}},"type":"cond-expr","locations":[{"start":{"line":259,"column":22},"end":{"line":259,"column":38}},{"start":{"line":259,"column":41},"end":{"line":259,"column":55}}]},"22":{"loc":{"start":{"line":269,"column":9},"end":{"line":376,"column":null}},"type":"cond-expr","locations":[{"start":{"line":270,"column":10},"end":{"line":270,"column":null}},{"start":{"line":274,"column":10},"end":{"line":376,"column":12}}]},"23":{"loc":{"start":{"line":283,"column":25},"end":{"line":285,"column":33}},"type":"cond-expr","locations":[{"start":{"line":284,"column":20},"end":{"line":284,"column":59}},{"start":{"line":285,"column":20},"end":{"line":285,"column":33}}]},"24":{"loc":{"start":{"line":318,"column":21},"end":{"line":321,"column":null}},"type":"binary-expr","locations":[{"start":{"line":318,"column":21},"end":{"line":318,"column":53}},{"start":{"line":319,"column":22},"end":{"line":319,"column":null}}]},"25":{"loc":{"start":{"line":325,"column":21},"end":{"line":328,"column":null}},"type":"cond-expr","locations":[{"start":{"line":326,"column":22},"end":{"line":326,"column":82}},{"start":{"line":328,"column":22},"end":{"line":328,"column":83}}]},"26":{"loc":{"start":{"line":331,"column":23},"end":{"line":331,"column":72}},"type":"cond-expr","locations":[{"start":{"line":331,"column":54},"end":{"line":331,"column":61}},{"start":{"line":331,"column":64},"end":{"line":331,"column":72}}]},"27":{"loc":{"start":{"line":340,"column":17},"end":{"line":350,"column":null}},"type":"binary-expr","locations":[{"start":{"line":340,"column":17},"end":{"line":340,"column":40}},{"start":{"line":341,"column":18},"end":{"line":349,"column":null}}]},"28":{"loc":{"start":{"line":354,"column":32},"end":{"line":354,"column":89}},"type":"cond-expr","locations":[{"start":{"line":354,"column":55},"end":{"line":354,"column":70}},{"start":{"line":354,"column":73},"end":{"line":354,"column":89}}]},"29":{"loc":{"start":{"line":356,"column":21},"end":{"line":359,"column":null}},"type":"cond-expr","locations":[{"start":{"line":357,"column":22},"end":{"line":357,"column":66}},{"start":{"line":359,"column":22},"end":{"line":359,"column":70}}]},"30":{"loc":{"start":{"line":
[...]
,"/home/ofir/Documents/Clinic-app/frontend/src/services/ChunkedUploadService.ts": {"path":"/home/ofir/Documents/Clinic-app/frontend/src/services/ChunkedUploadService.ts","statementMap":{"0":{"start":{"line":6,"column":0},"end":{"line":6,"column":38}},"1":{"start":{"line":40,"column":27},"end":{"line":40,"column":44}},"2":{"start":{"line":41,"column":28},"end":{"line":41,"column":29}},"3":{"start":{"line":42,"column":28},"end":{"line":42,"column":32}},"4":{"start":{"line":46,"column":10},"end":{"line":46,"column":65}},"5":{"start":{"line":47,"column":10},"end":{"line":47,"column":70}},"6":{"start":{"line":50,"column":4},"end":{"line":57,"column":6}},"7":{"start":{"line":72,"column":21},"end":{"line":72,"column":44}},"8":{"start":{"line":73,"column":21},"end":{"line":73,"column":104}},"9":{"start":{"line":74,"column":24},"end":{"line":74,"column":68}},"10":{"start":{"line":76,"column":37},"end":{"line":86,"column":6}},"11":{"start":{"line":88,"column":4},"end":{"line":88,"column":47}},"12":{"start":{"line":90,"column":4},"end":{"line":161,"column":5}},"13":{"start":{"line":92,"column":27},"end":{"line":99,"column":8}},"14":{"start":{"line":102,"column":25},"end":{"line":102,"column":60}},"15":{"start":{"line":103,"column":6},"end":{"line":103,"column":41}},"16":{"start":{"line":104,"column":6},"end":{"line":104,"column":65}},"17":{"start":{"line":105,"column":6},"end":{"line":105,"column":36}},"18":{"start":{"line":108,"column":6},"end":{"line":134,"column":7}},"19":{"start":{"line":108,"column":19},"end":{"line":108,"column":29}},"20":{"start":{"line":110,"column":8},"end":{"line":112,"column":9}},"21":{"start":{"line":111,"column":10},"end":{"line":111,"column":46}},"22":{"start":{"line":114,"column":22},"end":{"line":114,"column":47}},"23":{"start":{"line":115,"column":20},"end":{"line":115,"column":70}},"24":{"start":{"line":116,"column":22},"end":{"line":116,"column":44}},"25":{"start":{"line":118,"column":8},"end":{"line":118,"column":73}},"26":{"start":{"line":121,"column":8},"end":{"line":121,"column":38}},"27":{"start":{"line":122,"column":8},"end":{"line":122,"column":57}},"28":{"start":{"line":123,"column":8},"end":{"line":123,"column":91}},"29":{"start":{"line":126,"column":24},"end":{"line":126,"column":65}},"30":{"start":{"line":127,"column":8},"end":{"line":127,"column":72}},"31":{"start":{"line":128,"column":31},"end":{"line":128,"column":73}},"32":{"start":{"line":129,"column":8},"end":{"line":131,"column":22}},"33":{"start":{"line":133,"column":8},"end":{"line":133,"column":41}},"34":{"start":{"line":137,"column":21},"end":{"line":142,"column":8}},"35":{"start":{"line":144,"column":6},"end":{"line":144,"column":36}},"36":{"start":{"line":145,"column":6},"end":{"line":145,"column":30}},"37":{"start":{"line":146,"column":6},"end":{"line":146,"column":39}},"38":{"start":{"line":147,"column":6},"end":{"line":147,"column":37}},"39":{"start":{"line":150,"column":6},"end":{"line":150,"column":42}},"40":{"start":{"line":151,"column":6},"end":{"line":151,"column":46}},"41":{"start":{"line":153,"column":6},"end":{"line":153,"column":20}},"42":{"start":{"line":156,"column":6},"end":{"line":156,"column":33}},"43":{"start":{"line":157,"column":6},"end":{"line":157,"column":80}},"44":{"start":{"line":158,"column":6},"end":{"line":158,"column":39}},"45":{"start":{"line":159,"column":6},"end":{"line":159,"column":97}},"46":{"start":{"line":160,"column":6},"end":{"line":160,"column":18}},"47":{"start":{"line":168,"column":19},"end":{"line":168,"column":55}},"48":{"start":{"line":170,"column":4},"end":{"line":172,"column":5}},"49":{"start":{"line":171,"column":6},"end":{"line":171,"column":50}},"50":{"start":{"line":175,"column":21},"end":{"line":175,"column":53}},"51":{"start":{"line":176,"column":4},"end":{"line":178,"column":5}},"52":{"start":{"line":177,"column":6},"end":{"line":177,"column":36}},"53":{"start":{"line":181,"column":4},"end":{"line":181,"column":60}},"54":{"start":{"line":188,"column":23},"end":{"line":188,"column":59}},"55":{"start":{"line":189,"column":4},"end":{"line":191,"column":5}},"56":{"start":{"line":190,"column":6},"end":{"line":190,"column":25}},"57":{"start":{"line":193,"column":21},"end":{"line":193,"column":53}},"58":{"start":{"line":194,"column":4},"end":{"line":197,"column":5}},"59":{"start":{"line":195,"column":6},"end":{"line":195,"column":33}},"60":{"start":{"line":196,"column":6},"end":{"line":196,"column":39}},"61":{"start":{"line":205,"column":23},"end":{"line":205,"column":59}},"62":{"start":{"line":206,"column":4},"end":{"line":208,"column":5}},"63":{"start":{"line":207,"column":6},"end":{"line":207,"column":25}},"64":{"start":{"line":211,"column":4},"end":{"line":211,"column":40}},"65":{"start":{"line":212,"column":4},"end":{"line":212,"column":44}},"66":{"start":{"line":215,"column":4},"end":{"line":219,"column":5}},"67":{"start":{"line":216,"column":6},"end":{"line":216,"column":57}},"68":{"start":{"line":218,"column":6},"end":{"line":218,"column":66}},"69":{"start":{"line":227,"column":26},"end":{"line":227,"column":58}},"70":{"start":{"line":228,"column":4},"end":{"line":230,"column":5}},"71":{"start":{"line":229,"column":6},"end":{"line":229,"column":27}},"72":{"start":{"line":233,"column":21},"end":{"line":233,"column":75}},"73":{"start":{"line":234,"column":4},"end":{"line":234,"column":25}},"74":{"start":{"line":241,"column":4},"end":{"line":241,"column":51}},"75":{"start":{"line":258,"column":21},"end":{"line":261,"column":6}},"76":{"start":{"line":262,"column":4},"end":{"line":262,"column":25}},"77":{"start":{"line":274,"column":34},"end":{"line":274,"column":38}},"78":{"start":{"line":276,"column":4},"end":{"line":293,"column":5}},"79":{"start":{"line":276,"column":23},"end":{"line":276,"column":24}},"80":{"start":{"line":277,"column":6},"end":{"line":292,"column":7}},"81":{"start":{"line":278,"column":8},"end":{"line":278,"column":73}},"82":{"start":{"line":279,"column":8},"end":{"line":279,"column":15}},"83":{"start":{"line":281,"column":8},"end":{"line":281,"column":86}},"84":{"start":{"line":284,"column":8},"end":{"line":286,"column":9}},"85":{"start":{"line":285,"column":10},"end":{"line":285,"column":26}},"86":{"start":{"line":289,"column":8},"end":{"line":291,"column":9}},"87":{"start":{"line":290,"column":10},"end":{"line":290,"column":74}},"88":{"start":{"line":295,"column":4},"end":{"line":295,"column":57}},"89":{"start":{"line":307,"column":23},"end":{"line":307,"column":44}},"90":{"start":{"line":308,"column":4},"end":{"line":308,"column":53}},"91":{"start":{"line":310,"column":21},"end":{"line":310,"column":35}},"92":{"start":{"line":311,"column":4},"end":{"line":311,"column":36}},"93":{"start":{"line":312,"column":4},"end":{"line":312,"column":42}},"94":{"start":{"line":313,"column":4},"end":{"line":313,"column":57}},"95":{"start":{"line":314,"column":4},"end":{"line":314,"column":59}},"96":{"start":{"line":316,"column":4},"end":{"line":328,"column":5}},"97":{"start":{"line":317,"column":6},"end":{"line":322,"column":9}},"98":{"start":{"line":324,"column":6},"end":{"line":326,"column":7}},"99":{"start":{"line":325,"column":8},"end":{"line":325,"column":44}},"100":{"start":{"line":327,"column":6},"end":{"line":327,"column":18}},"101":{"start":{"line":343,"column":22},"end":{"line":343,"column":79}},"102":{"start":{"line":345,"column":21},"end":{"line":345,"column":88}},"103":{"start":{"line":347,"column":4},"end":{"line":350,"column":6}},"104":{"start":{"line":357,"column":4},"end":{"line":357,"column":77}},"105":{"start":{"line":364,"column":4},"end":{"line":364,"column":59}},"106":{"start":{"line":364,"column":34},"end":{"line":364,"column":57}},"107":{"start":{"line":44,"column":0},"end":{"line":44,"column":13}},"108":{"start":{"line":369,"column":51},"end":{"line":369,"column":55}},"109":{"start":{"line":371,"column":39},"end":{"line":376,"column":1}},"110":{"start":{"line":372,"column":2},"end":{"line":374,"column":3}},"111":{"start":{"line":373,"column":4},"end":{"line":373,"column":55}},"112":{"start":{"line":375,"column":2},"end":{"line":375,"column":25}},"113":{"start":{"line":371,"column":13},"end":{"line":371,"column":39}},"114":{"start":{"line":378,"column":0},"end":{"line":378,"column":36}}},"fnMap":{"0":{"name":"(anonymous_1)","decl":{"start":{"line":49,"column":2},"end":{"line":49,"column":14}},"loc":{"start":{"line":49,"column":46},"end":{"line":58,"column":3}}},"1":{"name":"(anonymous_2)","decl":{"start":{"line":54,"column":40},"end":{"line":54,"column":43}},"loc":{"start":{"line":54,"column":45},"end":{"line":54,"column":48}}},"2":{"name":"(anonymous_3)","decl":{"start":{"line":55,"column":40},"end":{"line":55,"column":43}},"loc":{"start":{"line":55,"column":45},"end":{"line":55,"column":48}}},"3":{"name":"(anonymous_4)","decl":{"start":{"line":56,"column":34},"end":{"line":56,"column":37}},"loc":{"start":{"line":56,"column":39},"end":{"line":56,"column":42}}},"4":{"name":"(anonymous_5)","decl":{"start":{"line":63,"column":2},"end":{"line":63,"column":7}},"loc":{"start":{"line":70,"column":10},"end":{"line":162,"column":3}}},"5":{"name":"(anonymous_6)","decl":{"start":{"line":167,"column":2},"end":{"line":167,"column":7}},"loc":{"start":{"line":167,"column":56},"end":{"line":182,"column":3}}},"6":{"name":"(anonymous_7)","decl":{"start":{"line":187,"column":2},"end":{"line":187,"column":13}},"loc":{"start":{"line":187,"column":30},"end":{"line":198,"column":3}}},"7":{"name":"(anonymous_8)","decl":{"start":{"line":203,"column":2},"end":{"line":203,"column":7}},"loc":{"start":{"line":203,"column":37},"end":{"line":220,"column":3}}},"8":{"name":"(anonymous_9)","decl":{"start":{"line":225,"column":2},"end":{"line":225,"column":7}},"loc":{"start":{"line":225,"column":40},"end":{"line":235,"column":3}}},"9":{"name":"(anonymous_10)","decl":{"start":{"line":240,"column":2},"end":{"line":240,"column":18}},"loc":{"start":{"line":240,"column":18},"end":{"line":242,"column":3}}},"10":{"name":"(anonymous_11)","decl":{"start":{"line":247,"column":10},"end":{"line":247,"column":15}},"loc":{"start":{"line":256,"column":5},"end":{"line":263,"column":3}}},"11":{"name":"(anonymous_12)","decl":{"start":{"line":268,"column":10},"end":{"line":268,"column":15}},"loc":{"start":{"line":272,"column":23},"end":{"line":296,"column":3}}},"12":{"name":"(anonymous_13)","decl":{"start":{"line":301,"column":10},"end":{"line":301,"column":15}},"loc":{"start":{"line":305,"column":23},"end":{"line":329,"column":3}}},"13":{"name":"(anonymous_14)","decl":{"start":{"line":334,"column":10},"end":{"line":334,"column":15}},"loc":{"start":{"line":341,"column":5},"end":{"line":351,"column":3}}},"14":{"name":"(anonymous_15)","decl":{"start":{"line":356,"column":10},"end":{"line":356,"column":26}},"loc":{"start":{"line":356,"column":26},"end":{"line":358,"column":3}}},"15":{"name":"(anonymous_16)","decl":{"start":{"line":363,"column":10},"end":{"line":363,"column":15}},"loc":{"start":{"line":363,"column":26},"end":{"line":365,"column":3}}},"16":{"name":"(anonymous_17)","decl":{"start":{"line":364,"column":23},"end":{"line":364,"column":30}},"loc":{"start":{"line":364,"column":34},"end":{"line":364,"column":57}}},"17":{"name":"(anonymous_18)","decl":{"start":{"line":371,"column":39},"end":{"line":371,"column":40}},"loc":{"start":{"line":371,"column":94},"end":{"line":376,"column":1}}}},"branchMap":{"0":{"loc":{"start":{"line":49,"column":14},"end":{"line":49,"column":46}},"type":"default-arg","locations":[{"start":{"line":49,"column":44},"end":{"line":49,"column":46}}]},"1":{"loc":{"start":{"line":51,"column":17},"end":{"line":51,"column":55}},"type":"binary-expr","locations":[{"start":{"line":51,"column":17},"end":{"line":51,"column":33}},{"start":{"line":51,"column":37},"end":{"line":51,"column":55}}]},"2":{"loc":{"start":{"line":52,"column":18},"end":{"line":52,"column":58}},"type":"binary-expr","locations":[{"start":{"line":52,"column":18},"end":{"line":52,"column":35}},{"start":{"line":52,"column":39},"end":{"line":52,"column":58}}]},"3":{"loc":{"start":{"line":53,"column":18},"end":{"line":53,"column":58}},"type":"binary-expr","locations":[{"start":{"line":53,"column":18},"end":{"line":53,"column":35}},{"start":{"line":53,"column":39},"end":{"line":53,"column":58}}]},"4":{"loc":{"start":{"line":54,"column":18},"end":{"line":54,"column":49}},"type":"binary-expr","locations":[{"start":{"line":54,"column":18},"end":{"line":54,"column":35}},{"start":{"line":54,"column":40},"end":{"line":54,"column":48}}]},"5":{"loc":{"start":{"line":55,"column":18},"end":{"line":55,"column":49}},"type":"binary-expr","locations":[{"start":{"line":55,"column":18},"end":{"line":55,"column":35}},{"start":{"line":55,"column":40},"end":{"line":55,"column":48}}]},"6":{"loc":{"start":{"line":56,"column":15},"end":{"line":56,"column":43}},"type":"binary-expr","locations":[{"start":{"line":56,"column":15},"end":{"line":56,"column":29}},{"start":{"line":56,"column":34},"end":{"line":56,"column":42}}]},"7":{"loc":{"start":{"line":65,"column":4},"end":{"line":70,"column":10}},"type":"default-arg","locations":[{"start":{"line":70,"column":8},"end":{"line":70,"column":10}}]},"8":{"loc":{"start":{"line":73,"column":21},"end":{"line":73,"column":104}},"type":"binary-expr","locations":[{"start":{"line":73,"column":21},"end":{"line":73,"column":38}},{"start":{"line":73,"column":43},"end":{"line":73,"column":103}}]},"9":{"loc":{"start":{"line":73,"column":43},"end":{"line":73,"column":103}},"type":"cond-expr","locations":[{"start":{"line":73,"column":66},"end":{"line":73,"column":75}},{"start":{"line":73,"column":78},"end":{"line":73,"column":103}}]},"10":{"loc":{"start":{"line":96,"column":18},"end":{"line":96,"column":48}},"type":"binary-expr","locations":[{"start":{"line":96,"column":18},"end":{"line":96,"column":35}},{"start":{"line":96,"column":39},"end":{"line":96,"column":48}}]},"11":{"loc":{"start":{"line":110,"column":8},"end":{"line":112,"column":9}},"type":"if","locations":[{"start":{"line":110,"column":8},"end":{"line":112,"column":9}}]},"12":{"loc":{"start":{"line":129,"column":42},"end":{"line":131,"column":21}},"type":"cond-expr","locations":[{"start":{"line":130,"column":12},"end":{"line":130,"column":58}},{"start":{"line":131,"column":12},"end":{"line":131,"column":21}}]},"13":{"loc":{"start":{"line":141,"column":18},"end":{"line":141,"column":48}},"type":"binary-expr","locations":[{"start":{"line":141,"column":18},"end":{"line":141,"column":35}},{"start":{"line":141,"column":39},"end":{"line":141,"column":48}}]},"14":{"loc":{"start":{"line":157,"column":23},"end":{"line":157,"column":79}},"type":"cond-expr","locations":[{"start":{"line":157,"column":48},"end":{"line":157,"column":61}},{"start":{"line":157,"column":64},"end":{"line":157,"column":79}}]},"15":{"loc":{"start":{"line":159,"column":26},"end":{"line":159,"column":85}},"type":"cond-expr","locations":[{"start":{"line":159,"column":51},"end":{"line":159,"column":56}},{"start":{"line":159,"column":59},"end":{"line":159,"column":85}}]},"16":{"loc":{"start":{"line":170,"column":4},"end":{"line":172,"column":5}},"type":"if","locations":[{"start":{"line":170,"column":4},"end":{"line":172,"column":5}}]},"17":{"loc":{"start":{"line":176,"column":4},"end":{"line":178,"column":5}},"type":"if","locations":[{"start":{"line":176,"column":4},"end":{"line":178,"column":5}}]},"18":{"loc":{"start":{"line":189,"column":4},"end":{"line":191,"column":5}},"type":"if","locations":[{"start":{"line":189,"column":4},"end":{"line":191,"column":5}}]},"19":{"loc":{"start":{"line":194,"column":4},"end":{"line":197,"column":5}},"type":"if","locations":[{"start":{"line":194,"column":4},"end":{"line":197,"column":5}}]},"20":{"loc":{"start":{"line":206,"column":4},"end":{"line":208,"column":5}},"type":"if","locations":[{"start":{"line":206,"column":4},"end":{"line":208,"column":5}}]},"21":{"loc":{"start":{"line":228,"column":4},"end":{"line":230,"column":5}},"type":"if","locations":[{"start":{"line":228,"column":4},"end":{"line":230,"column":5}}]},"22":{"loc":{"start":{"line":281,"column":20},"end":{"line":281,"column":85}},"type":"cond-expr","locations":[{"start":{"line":281,"column":45},"end":{"line":281,"column":50}},{"start":{"line":281,"column":53},"end":{"line":281,"column":85}}]},"23":{"loc":{"start":{"line":284,"column":8},"end":{"line":286,"column":9}},"type":"if","locations":[{"start":{"line":284,"column":8},"end":{"line":286,"column":9}}]},"24":{"loc":{"start":{"line":289,"column":8},"end":{"line":291,"column":9}},"type":"if","locations":[{"start":{"line":289,"column":8},"end":{"line":291,"column":9}}]},"25":{"loc":{"start":{"line":295,"column":10},"end":{"line":295,"column":56}},"type":"binary-expr","locations":[{"start":{"line":295,"column":10},"end":{"line":295,"column":19}},{"start":{"line":295,"column":23},"end":{"line":295,"column":56}}]},"26":{"loc":{"start":{"line":324,"column":6},"end":{"line":326,"column":7}},"type":"if","locations":[{"start":{"line":324,"column":6},"end":{"line":326,"column":7}}]},"27":{"loc":{"start":{"line":343,"column":22},"end":{"line":343,"column":79}},"type":"binary-expr","locations":[{"start":{"line":343,"column":22},"end":{"line":343,"column":65}},{"start":{"line":343,"column":69},"end":{"line":343,"column":79}}]},"28":{"loc":{"start":{"line":372,"column":2},"end":{"line":374,"column":3}},"type":"if","locations":[{"start":{"line":372,"column":2},"end":{"line":374,"column":3}}]},"29":{"loc":{"start":{"line":372,"column":6},"end":{"line":372,"column":32}},"type":"binary-expr","locations":[{"start":{"line":372,"column":6},"end":{"line":372,"column":22}},{"start":{"line":372,"column":26},"end":{"line":372,"column":32}}]}},"s":{"0":1,"1":1,"2":1,"3":1,"4":9,"5":9,"6":9,"7":2,"8":2,"9":2,"10":2,"11":2,"12":2,"13":2,"14":0,"15":0,"16":0,"17":0,"18":0,"19":0,"20":0,"21":0,"22":0,"23":0,"24":0,"25":0,"26":0,"27":0,"28":0,"29":0,"30":0,"31":0,"32":0,"33":0,"34":0,"35":0,"36":0,"37":0,"38":0,"39":0,"40":0,"41":0,"42":2,"43":2,"44":2,"45":2,"46":2,"47":0,"48":0,"49":0,"50":0,"51":0,"52":0,"53":0,"54":1,"55":1,"56":0,"57":1,"58":1,"59":0,"60":0,"61":1,"62":1,"63":0,"64":1,"65":1,"66":1,"67":1,"68":1,"69":0,"70":0,"71":0,"72":0,"73":0,"74":1,"75":2,"76":0,"77":0,"78":0,"79":0,"80":0,"81":0,"82":0,"83":0,"84":0,"85":0,"86":0,"87":0,"88":0,"89":0,"90":0,"91":0,"92":0,"93":0,"94":0,"95":0,"96":0,"97":0,"98":0,"99":0,"100":0,"101":0,"102":0,"103":0,"104":2,"105":0,"106":0,"107":1,"108":1,"109":1,"110":0,"111":0,"112":0,"113":1,"114":1},"f":{"0":9,"1":2,"2":0,"3":2,"4":2,"5":0,"6":1,"7":1,"8":0,"9":1,"10":2,"11":0,"12":0,"13":0,"14":2,"15":0,"16":0,"17":0},"b":{"0":[1],"1":[9,1],"2":[9,1],"3":[9,2],"4":[9,9],"5":[9,9],"6":[9,9],"7":[0],"8":[2,1],"9":[0,1],"10":[2,2],"11":[0],"12":[0,0],"13":[0,0],"14":[2,0],"15":[2,0],"16":[0],"17":[0],"18":[0],"19":[0],"20":[0],"21":[0],"22":[0,0],"23":[0],"24":[0],"25":[0,0],"26":[0],"27":[0,0],"28":[0],"29":[0,0]}}
}
