TN:
SF:src\theme.ts
FN:8,(anonymous_0)
FNF:1
FNH:1
FNDA:1,(anonymous_0)
DA:1,1
DA:8,1
DA:9,1
LF:3
LH:3
BRDA:8,0,0,0
BRF:1
BRH:0
end_of_record
TN:
SF:src\pages\ResetRequestPage.tsx
FN:17,(anonymous_7)
FN:20,(anonymous_8)
FN:27,(anonymous_9)
FNF:3
FNH:2
FNDA:1,(anonymous_7)
FNDA:1,(anonymous_8)
FNDA:0,(anonymous_9)
DA:1,1
DA:2,1
DA:11,1
DA:12,1
DA:13,1
DA:14,1
DA:15,1
DA:17,1
DA:18,1
DA:19,1
DA:20,1
DA:22,1
DA:28,0
DA:29,0
DA:33,1
DA:64,1
LF:16
LH:14
BRDA:38,0,0,1
BRDA:38,0,1,0
BRDA:51,1,0,1
BRDA:51,1,1,0
BRDA:52,2,0,1
BRDA:52,2,1,0
BRDA:56,3,0,0
BRDA:56,3,1,1
BRF:8
BRH:4
end_of_record
