TN:
SF:src/theme.ts
FNF:0
FNH:0
DA:1,1
DA:4,1
DA:34,1
LF:3
LH:3
BRF:0
BRH:0
end_of_record
TN:
SF:src/api/client.ts
FN:23,(anonymous_1)
FN:30,(anonymous_2)
FN:35,(anonymous_3)
FN:36,(anonymous_4)
FN:58,(anonymous_5)
FNF:5
FNH:2
FNDA:3,(anonymous_1)
FNDA:0,(anonymous_2)
FNDA:0,(anonymous_3)
FNDA:3,(anonymous_4)
FNDA:0,(anonymous_5)
DA:1,4
DA:2,4
DA:5,4
DA:6,4
DA:7,4
DA:8,4
DA:10,4
DA:11,4
DA:13,4
DA:22,4
DA:24,3
DA:25,3
DA:26,0
DA:28,3
DA:30,0
DA:34,4
DA:35,0
DA:37,3
DA:39,3
DA:41,0
DA:42,0
DA:43,0
DA:44,0
DA:45,0
DA:46,0
DA:48,0
DA:52,3
DA:53,3
DA:54,0
DA:55,0
DA:56,0
DA:57,0
DA:58,0
DA:59,0
DA:63,3
DA:67,4
LF:36
LH:20
BRDA:25,0,0,0
BRDA:39,1,0,0
BRDA:45,2,0,0
BRDA:53,3,0,0
BRDA:53,4,0,3
BRDA:53,4,1,3
BRDA:53,4,2,0
BRDA:53,4,3,0
BRDA:54,5,0,0
BRDA:54,5,1,0
BRDA:55,6,0,0
BRF:11
BRH:2
end_of_record
TN:
SF:src/api/communication.ts
FN:23,(anonymous_1)
FN:32,(anonymous_2)
FN:40,(anonymous_3)
FNF:3
FNH:0
FNDA:0,(anonymous_1)
FNDA:0,(anonymous_2)
FNDA:0,(anonymous_3)
DA:1,1
DA:2,1
DA:23,1
DA:24,0
DA:25,0
DA:29,0
DA:32,1
DA:33,0
DA:34,0
DA:37,0
DA:40,1
DA:41,0
DA:42,0
LF:13
LH:5
BRF:0
BRH:0
end_of_record
TN:
SF:src/api/consent.ts
FN:53,(anonymous_1)
FN:61,(anonymous_2)
FN:69,(anonymous_3)
FN:77,(anonymous_4)
FN:85,(anonymous_5)
FN:93,(anonymous_6)
FNF:6
FNH:0
FNDA:0,(anonymous_1)
FNDA:0,(anonymous_2)
FNDA:0,(anonymous_3)
FNDA:0,(anonymous_4)
FNDA:0,(anonymous_5)
FNDA:0,(anonymous_6)
DA:5,1
DA:53,1
DA:54,0
DA:55,0
DA:61,1
DA:62,0
DA:63,0
DA:69,1
DA:70,0
DA:71,0
DA:77,1
DA:78,0
DA:79,0
DA:85,1
DA:86,0
DA:87,0
DA:93,1
DA:94,0
DA:95,0
DA:98,1
LF:20
LH:8
BRF:0
BRH:0
end_of_record
TN:
SF:src/api/notes.ts
FN:14,(anonymous_1)
FN:23,(anonymous_2)
FN:31,(anonymous_3)
FNF:3
FNH:0
FNDA:0,(anonymous_1)
FNDA:0,(anonymous_2)
FNDA:0,(anonymous_3)
DA:1,1
DA:2,1
DA:14,1
DA:15,0
DA:16,0
DA:20,0
DA:23,1
DA:24,0
DA:25,0
DA:28,0
DA:31,1
DA:32,0
DA:33,0
DA:36,0
LF:14
LH:5
BRF:0
BRH:0
end_of_record
TN:
SF:src/components/ConnectionQualityIndicator.tsx
FN:60,(anonymous_0)
FN:86,(anonymous_1)
FN:121,(anonymous_2)
FN:146,(anonymous_3)
FN:160,(anonymous_4)
FN:204,(anonymous_5)
FN:233,(anonymous_6)
FN:247,(anonymous_7)
FN:260,(anonymous_8)
FN:282,(anonymous_9)
FN:319,(anonymous_10)
FN:328,(anonymous_11)
FNF:12
FNH:0
FNDA:0,(anonymous_0)
FNDA:0,(anonymous_1)
FNDA:0,(anonymous_2)
FNDA:0,(anonymous_3)
FNDA:0,(anonymous_4)
FNDA:0,(anonymous_5)
FNDA:0,(anonymous_6)
FNDA:0,(anonymous_7)
FNDA:0,(anonymous_8)
FNDA:0,(anonymous_9)
FNDA:0,(anonymous_10)
FNDA:0,(anonymous_11)
DA:6,1
DA:7,1
DA:18,1
DA:60,1
DA:68,0
DA:69,0
DA:70,0
DA:81,0
DA:86,0
DA:91,0
DA:92,0
DA:96,0
DA:97,0
DA:98,0
DA:99,0
DA:100,0
DA:104,0
DA:106,0
DA:108,0
DA:110,0
DA:112,0
DA:114,0
DA:121,0
DA:122,0
DA:126,0
DA:127,0
DA:135,0
DA:146,0
DA:147,0
DA:148,0
DA:151,0
DA:152,0
DA:153,0
DA:154,0
DA:155,0
DA:156,0
DA:157,0
DA:158,0
DA:160,0
DA:161,0
DA:162,0
DA:163,0
DA:166,0
DA:167,0
DA:168,0
DA:170,0
DA:171,0
DA:172,0
DA:174,0
DA:175,0
DA:181,0
DA:182,0
DA:186,0
DA:187,0
DA:190,0
DA:196,0
DA:197,0
DA:204,0
DA:205,0
DA:206,0
DA:208,0
DA:209,0
DA:211,0
DA:223,0
DA:226,0
DA:227,0
DA:229,0
DA:233,0
DA:234,0
DA:235,0
DA:238,0
DA:239,0
DA:240,0
DA:244,0
DA:245,0
DA:247,0
DA:248,0
DA:249,0
DA:250,0
DA:252,0
DA:253,0
DA:260,0
DA:261,0
DA:263,0
DA:265,0
DA:267,0
DA:269,0
DA:271,0
DA:273,0
DA:277,0
DA:282,0
DA:283,0
DA:284,0
DA:285,0
DA:286,0
DA:289,0
DA:291,0
DA:319,0
DA:328,0
DA:462,1
LF:100
LH:5
BRDA:62,0,0,0
BRDA:63,1,0,0
BRDA:64,2,0,0
BRDA:66,3,0,0
BRDA:91,4,0,0
BRDA:96,5,0,0
BRDA:97,6,0,0
BRDA:98,7,0,0
BRDA:99,8,0,0
BRDA:104,9,0,0
BRDA:104,9,1,0
BRDA:104,9,2,0
BRDA:104,9,3,0
BRDA:104,9,4,0
BRDA:122,10,0,0
BRDA:122,10,1,0
BRDA:122,10,2,0
BRDA:126,11,0,0
BRDA:136,12,0,0
BRDA:136,12,1,0
BRDA:137,13,0,0
BRDA:137,13,1,0
BRDA:138,14,0,0
BRDA:138,14,1,0
BRDA:139,15,0,0
BRDA:139,15,1,0
BRDA:147,16,0,0
BRDA:161,17,0,0
BRDA:161,18,0,0
BRDA:161,18,1,0
BRDA:162,19,0,0
BRDA:166,20,0,0
BRDA:167,21,0,0
BRDA:170,22,0,0
BRDA:174,23,0,0
BRDA:181,24,0,0
BRDA:186,25,0,0
BRDA:191,26,0,0
BRDA:191,26,1,0
BRDA:192,27,0,0
BRDA:192,27,1,0
BRDA:193,28,0,0
BRDA:193,28,1,0
BRDA:208,29,0,0
BRDA:208,29,1,0
BRDA:208,29,2,0
BRDA:209,30,0,0
BRDA:209,30,1,0
BRDA:214,31,0,0
BRDA:214,31,1,0
BRDA:215,32,0,0
BRDA:215,32,1,0
BRDA:216,33,0,0
BRDA:216,33,1,0
BRDA:217,34,0,0
BRDA:217,34,1,0
BRDA:218,35,0,0
BRDA:218,35,1,0
BRDA:219,36,0,0
BRDA:219,36,1,0
BRDA:220,37,0,0
BRDA:220,37,1,0
BRDA:226,38,0,0
BRDA:226,39,0,0
BRDA:226,39,1,0
BRDA:239,40,0,0
BRDA:249,41,0,0
BRDA:261,42,0,0
BRDA:261,42,1,0
BRDA:261,42,2,0
BRDA:261,42,3,0
BRDA:261,42,4,0
BRDA:261,42,5,0
BRDA:283,43,0,0
BRDA:284,44,0,0
BRDA:285,45,0,0
BRDA:299,46,0,0
BRDA:299,46,1,0
BRDA:302,47,0,0
BRDA:302,47,1,0
BRDA:322,48,0,0
BRDA:322,48,1,0
BRDA:329,49,0,0
BRDA:329,49,1,0
BRDA:355,50,0,0
BRDA:355,50,1,0
BRDA:365,51,0,0
BRDA:365,51,1,0
BRDA:367,52,0,0
BRDA:367,52,1,0
BRDA:383,53,0,0
BRDA:383,53,1,0
BRDA:385,54,0,0
BRDA:385,54,1,0
BRDA:395,55,0,0
BRDA:395,55,1,0
BRDA:406,56,0,0
BRDA:406,56,1,0
BRDA:406,56,2,0
BRDA:412,57,0,0
BRDA:412,57,1,0
BRDA:414,58,0,0
BRDA:414,58,1,0
BRDA:425,59,0,0
BRDA:425,59,1,0
BRDA:441,60,0,0
BRDA:441,60,1,0
BRF:107
BRH:0
end_of_record
TN:
SF:src/components/PatientCommunication.tsx
FN:26,(anonymous_1)
FN:33,(anonymous_2)
FN:37,(anonymous_3)
FN:41,(anonymous_4)
FN:53,(anonymous_5)
FN:57,(anonymous_6)
FN:106,(anonymous_7)
FN:148,(anonymous_8)
FN:149,(anonymous_9)
FNF:9
FNH:8
FNDA:9,(anonymous_1)
FNDA:2,(anonymous_2)
FNDA:5,(anonymous_3)
FNDA:2,(anonymous_4)
FNDA:5,(anonymous_5)
FNDA:1,(anonymous_6)
FNDA:11,(anonymous_7)
FNDA:1,(anonymous_8)
FNDA:0,(anonymous_9)
DA:1,1
DA:2,1
DA:17,1
DA:18,1
DA:19,1
DA:26,1
DA:27,9
DA:28,9
DA:29,9
DA:30,9
DA:31,9
DA:33,9
DA:34,2
DA:37,9
DA:38,5
DA:41,9
DA:42,2
DA:43,2
DA:44,2
DA:45,2
DA:47,0
DA:49,2
DA:53,9
DA:54,5
DA:57,9
DA:58,1
DA:60,1
DA:61,1
DA:62,1
DA:71,1
DA:79,1
DA:80,1
DA:82,0
DA:84,1
DA:88,9
DA:107,11
DA:108,11
DA:148,1
DA:150,0
DA:151,0
DA:152,0
DA:170,1
LF:42
LH:37
BRDA:45,0,0,2
BRDA:45,0,1,0
BRDA:58,1,0,0
BRDA:71,2,0,1
BRDA:71,2,1,0
BRDA:95,3,0,2
BRDA:95,3,1,7
BRDA:101,4,0,7
BRDA:101,4,1,2
BRDA:109,5,0,6
BRDA:109,5,1,5
BRDA:111,6,0,6
BRDA:111,6,1,5
BRDA:112,7,0,6
BRDA:112,7,1,5
BRDA:120,8,0,6
BRDA:120,8,1,5
BRDA:150,9,0,0
BRDA:150,10,0,0
BRDA:150,10,1,0
BRDA:161,11,0,9
BRDA:161,11,1,2
BRF:22
BRH:16
end_of_record
TN:
SF:src/components/RecordingConsentDialog.tsx
FN:56,(anonymous_0)
FN:98,(anonymous_1)
FN:114,(anonymous_2)
FN:130,(anonymous_3)
FN:144,(anonymous_4)
FN:149,(anonymous_5)
FN:164,(anonymous_6)
FN:168,(anonymous_7)
FN:179,(anonymous_8)
FN:184,(anonymous_9)
FN:185,(anonymous_10)
FN:191,(anonymous_11)
FN:227,(anonymous_12)
FN:262,(anonymous_13)
FN:285,(anonymous_14)
FN:301,(anonymous_15)
FN:317,(anonymous_16)
FN:332,(anonymous_17)
FN:347,(anonymous_18)
FN:364,(anonymous_19)
FN:434,(anonymous_20)
FNF:21
FNH:11
FNDA:20,(anonymous_0)
FNDA:7,(anonymous_1)
FNDA:7,(anonymous_2)
FNDA:0,(anonymous_3)
FNDA:0,(anonymous_4)
FNDA:0,(anonymous_5)
FNDA:0,(anonymous_6)
FNDA:0,(anonymous_7)
FNDA:1,(anonymous_8)
FNDA:1,(anonymous_9)
FNDA:1,(anonymous_10)
FNDA:1,(anonymous_11)
FNDA:1,(anonymous_12)
FNDA:0,(anonymous_13)
FNDA:0,(anonymous_14)
FNDA:0,(anonymous_15)
FNDA:0,(anonymous_16)
FNDA:1,(anonymous_17)
FNDA:0,(anonymous_18)
FNDA:1,(anonymous_19)
FNDA:2,(anonymous_20)
DA:6,1
DA:7,1
DA:27,1
DA:40,1
DA:41,1
DA:56,1
DA:68,20
DA:69,20
DA:70,20
DA:73,20
DA:82,20
DA:83,20
DA:84,20
DA:85,20
DA:88,20
DA:89,20
DA:90,20
DA:93,20
DA:98,20
DA:99,7
DA:100,0
DA:101,0
DA:102,0
DA:103,0
DA:104,0
DA:105,0
DA:106,0
DA:107,0
DA:108,0
DA:114,20
DA:115,7
DA:116,7
DA:117,7
DA:118,7
DA:119,7
DA:130,20
DA:131,0
DA:132,0
DA:134,0
DA:135,0
DA:136,0
DA:138,0
DA:144,20
DA:145,0
DA:146,0
DA:149,20
DA:150,0
DA:152,0
DA:153,0
DA:155,0
DA:156,0
DA:157,0
DA:158,0
DA:159,0
DA:160,0
DA:161,0
DA:164,20
DA:165,0
DA:168,20
DA:169,0
DA:170,0
DA:171,0
DA:172,0
DA:173,0
DA:176,0
DA:179,20
DA:180,1
DA:181,0
DA:184,20
DA:185,1
DA:191,20
DA:192,1
DA:193,1
DA:195,1
DA:196,1
DA:205,1
DA:208,1
DA:217,1
DA:219,0
DA:220,0
DA:221,0
DA:223,1
DA:227,20
DA:228,1
DA:234,1
DA:235,1
DA:238,20
DA:262,0
DA:285,0
DA:301,0
DA:317,0
DA:332,1
DA:347,0
DA:364,1
DA:434,2
DA:484,1
LF:96
LH:53
BRDA:65,0,0,0
BRDA:66,1,0,0
BRDA:93,2,0,20
BRDA:93,2,1,4
BRDA:93,2,2,0
BRDA:93,2,3,4
BRDA:93,2,4,0
BRDA:99,3,0,0
BRDA:99,4,0,7
BRDA:99,4,1,7
BRDA:102,5,0,0
BRDA:115,6,0,7
BRDA:132,7,0,0
BRDA:135,8,0,0
BRDA:135,8,1,0
BRDA:136,9,0,0
BRDA:136,9,1,0
BRDA:150,10,0,0
BRDA:150,11,0,0
BRDA:150,11,1,0
BRDA:153,12,0,0
BRDA:169,13,0,0
BRDA:171,14,0,0
BRDA:180,15,0,1
BRDA:180,16,0,1
BRDA:180,16,1,0
BRDA:219,17,0,0
BRDA:219,17,1,0
BRDA:261,18,0,20
BRDA:261,18,1,0
BRDA:296,19,0,20
BRDA:296,19,1,18
BRDA:365,20,0,1
BRDA:365,20,1,19
BRDA:368,21,0,1
BRDA:368,21,1,19
BRDA:386,22,0,20
BRDA:386,22,1,0
BRDA:474,23,0,20
BRDA:474,23,1,4
BRDA:475,24,0,1
BRDA:475,24,1,19
BRDA:475,25,0,2
BRDA:475,25,1,17
BRDA:477,26,0,1
BRDA:477,26,1,19
BRF:46
BRH:24
end_of_record
TN:
SF:src/components/RecordingParticipants.tsx
FN:55,(anonymous_0)
FN:81,(anonymous_1)
FN:82,(anonymous_2)
FN:85,(anonymous_3)
FN:87,(anonymous_4)
FN:107,(anonymous_5)
FN:107,(anonymous_6)
FN:112,(anonymous_7)
FN:113,(anonymous_8)
FN:128,(anonymous_9)
FN:129,(anonymous_10)
FN:138,(anonymous_11)
FN:139,(anonymous_12)
FN:149,(anonymous_13)
FN:160,(anonymous_14)
FN:166,(anonymous_15)
FN:169,(anonymous_16)
FN:176,(anonymous_17)
FN:181,(anonymous_18)
FN:195,(anonymous_19)
FN:198,(anonymous_20)
FN:258,(anonymous_21)
FN:266,(anonymous_22)
FN:274,(anonymous_23)
FNF:24
FNH:18
FNDA:18,(anonymous_0)
FNDA:9,(anonymous_1)
FNDA:10,(anonymous_2)
FNDA:7,(anonymous_3)
FNDA:0,(anonymous_4)
FNDA:1,(anonymous_5)
FNDA:1,(anonymous_6)
FNDA:0,(anonymous_7)
FNDA:0,(anonymous_8)
FNDA:1,(anonymous_9)
FNDA:1,(anonymous_10)
FNDA:0,(anonymous_11)
FNDA:0,(anonymous_12)
FNDA:2,(anonymous_13)
FNDA:9,(anonymous_14)
FNDA:18,(anonymous_15)
FNDA:36,(anonymous_16)
FNDA:18,(anonymous_17)
FNDA:18,(anonymous_18)
FNDA:18,(anonymous_19)
FNDA:9,(anonymous_20)
FNDA:0,(anonymous_21)
FNDA:18,(anonymous_22)
FNDA:9,(anonymous_23)
DA:6,1
DA:7,1
DA:21,1
DA:32,1
DA:55,1
DA:63,18
DA:64,18
DA:65,18
DA:73,18
DA:81,18
DA:82,9
DA:83,10
DA:85,7
DA:87,7
DA:88,0
DA:90,7
DA:101,7
DA:102,7
DA:104,7
DA:107,1
DA:108,1
DA:109,1
DA:112,0
DA:113,0
DA:114,0
DA:125,0
DA:128,1
DA:129,1
DA:130,1
DA:135,1
DA:138,0
DA:139,0
DA:140,0
DA:145,0
DA:149,2
DA:154,1
DA:158,9
DA:160,9
DA:161,9
DA:166,18
DA:167,18
DA:169,36
DA:176,18
DA:177,18
DA:181,18
DA:182,18
DA:184,18
DA:186,0
DA:188,0
DA:190,0
DA:195,18
DA:196,18
DA:199,9
DA:258,0
DA:266,18
DA:267,18
DA:275,9
DA:382,18
DA:411,1
LF:59
LH:46
BRDA:60,0,0,3
BRDA:61,1,0,18
BRDA:83,2,0,7
BRDA:83,2,1,1
BRDA:83,2,2,0
BRDA:83,2,3,1
BRDA:83,2,4,0
BRDA:83,2,5,1
BRDA:87,3,0,0
BRDA:95,4,0,7
BRDA:95,4,1,6
BRDA:96,5,0,7
BRDA:96,5,1,6
BRDA:97,6,0,7
BRDA:97,6,1,6
BRDA:114,7,0,0
BRDA:114,7,1,0
BRDA:117,8,0,0
BRDA:117,8,1,0
BRDA:118,9,0,0
BRDA:118,9,1,0
BRDA:119,10,0,0
BRDA:119,10,1,0
BRDA:120,11,0,0
BRDA:120,11,1,0
BRDA:130,12,0,1
BRDA:130,12,1,0
BRDA:140,13,0,0
BRDA:140,13,1,0
BRDA:177,14,0,14
BRDA:177,14,1,4
BRDA:182,15,0,18
BRDA:182,15,1,0
BRDA:182,15,2,0
BRDA:182,15,3,0
BRDA:205,16,0,7
BRDA:205,16,1,2
BRDA:206,17,0,3
BRDA:206,17,1,6
BRDA:215,18,0,3
BRDA:215,18,1,6
BRDA:246,19,0,1
BRDA:246,19,1,8
BRDA:257,20,0,18
BRDA:257,20,1,8
BRDA:259,21,0,7
BRDA:259,21,1,1
BRDA:269,22,0,10
BRDA:269,22,1,8
BRDA:283,23,0,1
BRDA:283,23,1,8
BRDA:318,24,0,9
BRDA:318,24,1,1
BRDA:325,25,0,7
BRDA:325,25,1,2
BRDA:331,26,0,7
BRDA:331,26,1,2
BRDA:340,27,0,9
BRDA:340,27,1,3
BRDA:354,28,0,3
BRDA:354,28,1,6
BRDA:356,29,0,3
BRDA:356,29,1,6
BRDA:365,30,0,2
BRDA:365,30,1,7
BRDA:367,31,0,2
BRDA:367,31,1,7
BRDA:385,32,0,18
BRDA:385,32,1,0
BRDA:388,33,0,0
BRDA:388,33,1,0
BRDA:389,34,0,0
BRDA:389,34,1,0
BRF:73
BRH:49
end_of_record
TN:
SF:src/components/TherapistNotes.tsx
FN:22,(anonymous_1)
FN:30,(anonymous_2)
FN:34,(anonymous_3)
FN:57,(anonymous_4)
FN:95,(anonymous_5)
FN:110,(anonymous_6)
FN:128,(anonymous_7)
FN:131,(anonymous_8)
FNF:8
FNH:5
FNDA:9,(anonymous_1)
FNDA:2,(anonymous_2)
FNDA:2,(anonymous_3)
FNDA:1,(anonymous_4)
FNDA:0,(anonymous_5)
FNDA:1,(anonymous_6)
FNDA:0,(anonymous_7)
FNDA:0,(anonymous_8)
DA:1,1
DA:2,1
DA:14,1
DA:15,1
DA:22,1
DA:23,9
DA:24,9
DA:25,9
DA:26,9
DA:27,9
DA:28,9
DA:30,9
DA:31,2
DA:34,9
DA:35,2
DA:36,2
DA:37,2
DA:38,2
DA:41,1
DA:42,1
DA:43,1
DA:44,1
DA:46,1
DA:47,1
DA:50,0
DA:51,0
DA:53,2
DA:57,9
DA:58,1
DA:59,1
DA:60,1
DA:62,0
DA:63,0
DA:66,1
DA:72,1
DA:74,1
DA:76,0
DA:77,0
DA:79,1
DA:83,9
DA:84,2
DA:87,7
DA:95,0
DA:110,1
DA:128,0
DA:131,0
DA:139,1
LF:47
LH:38
BRDA:38,0,0,1
BRDA:38,0,1,1
BRDA:38,1,0,2
BRDA:38,1,1,2
BRDA:60,2,0,0
BRDA:60,2,1,1
BRDA:83,3,0,2
BRDA:117,4,0,1
BRDA:117,4,1,6
BRDA:119,5,0,7
BRDA:119,5,1,6
BRDA:121,6,0,1
BRDA:121,6,1,6
BRDA:131,7,0,7
BRDA:131,7,1,6
BRF:15
BRH:14
end_of_record
TN:
SF:src/hooks/useRecordingRecovery.ts
FN:43,useRecordingRecovery
FN:57,(anonymous_1)
FN:60,(anonymous_2)
FN:62,(anonymous_3)
FN:75,(anonymous_4)
FN:85,(anonymous_5)
FN:86,(anonymous_6)
FN:95,(anonymous_7)
FN:97,(anonymous_8)
FN:105,(anonymous_9)
FN:115,(anonymous_10)
FN:127,(anonymous_11)
FN:131,(anonymous_12)
FN:132,(anonymous_13)
FN:150,(anonymous_14)
FN:152,(anonymous_15)
FN:155,(anonymous_16)
FN:171,(anonymous_17)
FN:172,(anonymous_18)
FN:178,(anonymous_19)
FN:189,(anonymous_20)
FN:201,(anonymous_21)
FN:206,(anonymous_22)
FN:207,(anonymous_23)
FN:224,(anonymous_24)
FNF:25
FNH:24
FNDA:26,useRecordingRecovery
FNDA:12,(anonymous_1)
FNDA:8,(anonymous_2)
FNDA:11,(anonymous_3)
FNDA:0,(anonymous_4)
FNDA:3,(anonymous_5)
FNDA:3,(anonymous_6)
FNDA:1,(anonymous_7)
FNDA:1,(anonymous_8)
FNDA:1,(anonymous_9)
FNDA:1,(anonymous_10)
FNDA:1,(anonymous_11)
FNDA:1,(anonymous_12)
FNDA:2,(anonymous_13)
FNDA:1,(anonymous_14)
FNDA:2,(anonymous_15)
FNDA:1,(anonymous_16)
FNDA:2,(anonymous_17)
FNDA:2,(anonymous_18)
FNDA:4,(anonymous_19)
FNDA:4,(anonymous_20)
FNDA:12,(anonymous_21)
FNDA:12,(anonymous_22)
FNDA:12,(anonymous_23)
FNDA:12,(anonymous_24)
DA:6,1
DA:7,1
DA:43,1
DA:44,26
DA:52,26
DA:57,26
DA:58,12
DA:59,12
DA:60,12
DA:62,12
DA:70,12
DA:71,5
DA:74,0
DA:75,0
DA:85,26
DA:86,3
DA:88,3
DA:89,3
DA:91,2
DA:92,1
DA:95,1
DA:97,1
DA:103,1
DA:105,1
DA:112,2
DA:114,1
DA:115,1
DA:120,1
DA:127,26
DA:128,1
DA:129,1
DA:131,1
DA:132,2
DA:133,1
DA:141,1
DA:143,0
DA:150,26
DA:151,1
DA:152,2
DA:153,1
DA:155,1
DA:162,1
DA:164,0
DA:171,26
DA:172,2
DA:178,26
DA:179,4
DA:180,3
DA:181,3
DA:182,3
DA:183,3
DA:189,26
DA:190,4
DA:191,4
DA:192,4
DA:194,4
DA:195,1
DA:197,3
DA:201,26
DA:202,12
DA:206,26
DA:207,12
DA:208,12
DA:209,12
DA:210,12
DA:211,0
DA:214,0
DA:219,12
DA:222,12
DA:224,12
DA:227,26
DA:239,1
LF:72
LH:66
BRDA:70,0,0,5
BRDA:77,1,0,0
BRDA:77,1,1,0
BRDA:91,2,0,1
BRDA:91,2,1,1
BRDA:118,3,0,1
BRDA:118,3,1,0
BRDA:179,4,0,1
BRDA:194,5,0,1
BRDA:210,6,0,0
BRF:10
BRH:6
end_of_record
TN:
SF:src/services/ChunkedUploadService.ts
FN:49,(anonymous_1)
FN:54,(anonymous_2)
FN:55,(anonymous_3)
FN:56,(anonymous_4)
FN:63,(anonymous_5)
FN:167,(anonymous_6)
FN:187,(anonymous_7)
FN:203,(anonymous_8)
FN:225,(anonymous_9)
FN:240,(anonymous_10)
FN:247,(anonymous_11)
FN:268,(anonymous_12)
FN:301,(anonymous_13)
FN:334,(anonymous_14)
FN:356,(anonymous_15)
FN:363,(anonymous_16)
FN:364,(anonymous_17)
FN:371,(anonymous_18)
FNF:18
FNH:9
FNDA:9,(anonymous_1)
FNDA:2,(anonymous_2)
FNDA:0,(anonymous_3)
FNDA:2,(anonymous_4)
FNDA:2,(anonymous_5)
FNDA:0,(anonymous_6)
FNDA:1,(anonymous_7)
FNDA:1,(anonymous_8)
FNDA:0,(anonymous_9)
FNDA:1,(anonymous_10)
FNDA:2,(anonymous_11)
FNDA:0,(anonymous_12)
FNDA:0,(anonymous_13)
FNDA:0,(anonymous_14)
FNDA:2,(anonymous_15)
FNDA:0,(anonymous_16)
FNDA:0,(anonymous_17)
FNDA:0,(anonymous_18)
DA:6,1
DA:40,1
DA:41,1
DA:42,1
DA:44,1
DA:46,9
DA:47,9
DA:50,9
DA:72,2
DA:73,2
DA:74,2
DA:76,2
DA:88,2
DA:90,2
DA:92,2
DA:102,0
DA:103,0
DA:104,0
DA:105,0
DA:108,0
DA:110,0
DA:111,0
DA:114,0
DA:115,0
DA:116,0
DA:118,0
DA:121,0
DA:122,0
DA:123,0
DA:126,0
DA:127,0
DA:128,0
DA:129,0
DA:133,0
DA:137,0
DA:144,0
DA:145,0
DA:146,0
DA:147,0
DA:150,0
DA:151,0
DA:153,0
DA:156,2
DA:157,2
DA:158,2
DA:159,2
DA:160,2
DA:168,0
DA:170,0
DA:171,0
DA:175,0
DA:176,0
DA:177,0
DA:181,0
DA:188,1
DA:189,1
DA:190,0
DA:193,1
DA:194,1
DA:195,0
DA:196,0
DA:205,1
DA:206,1
DA:207,0
DA:211,1
DA:212,1
DA:215,1
DA:216,1
DA:218,1
DA:227,0
DA:228,0
DA:229,0
DA:233,0
DA:234,0
DA:241,1
DA:258,2
DA:262,0
DA:274,0
DA:276,0
DA:277,0
DA:278,0
DA:279,0
DA:281,0
DA:284,0
DA:285,0
DA:289,0
DA:290,0
DA:295,0
DA:307,0
DA:308,0
DA:310,0
DA:311,0
DA:312,0
DA:313,0
DA:314,0
DA:316,0
DA:317,0
DA:324,0
DA:325,0
DA:327,0
DA:343,0
DA:345,0
DA:347,0
DA:357,2
DA:364,0
DA:369,1
DA:371,1
DA:372,0
DA:373,0
DA:375,0
DA:378,1
LF:111
LH:37
BRDA:49,0,0,1
BRDA:51,1,0,9
BRDA:51,1,1,1
BRDA:52,2,0,9
BRDA:52,2,1,1
BRDA:53,3,0,9
BRDA:53,3,1,2
BRDA:54,4,0,9
BRDA:54,4,1,9
BRDA:55,5,0,9
BRDA:55,5,1,9
BRDA:56,6,0,9
BRDA:56,6,1,9
BRDA:65,7,0,0
BRDA:73,8,0,2
BRDA:73,8,1,1
BRDA:73,9,0,0
BRDA:73,9,1,1
BRDA:96,10,0,2
BRDA:96,10,1,2
BRDA:110,11,0,0
BRDA:129,12,0,0
BRDA:129,12,1,0
BRDA:141,13,0,0
BRDA:141,13,1,0
BRDA:157,14,0,2
BRDA:157,14,1,0
BRDA:159,15,0,2
BRDA:159,15,1,0
BRDA:170,16,0,0
BRDA:176,17,0,0
BRDA:189,18,0,0
BRDA:194,19,0,0
BRDA:206,20,0,0
BRDA:228,21,0,0
BRDA:281,22,0,0
BRDA:281,22,1,0
BRDA:284,23,0,0
BRDA:289,24,0,0
BRDA:295,25,0,0
BRDA:295,25,1,0
BRDA:324,26,0,0
BRDA:343,27,0,0
BRDA:343,27,1,0
BRDA:372,28,0,0
BRDA:372,29,0,0
BRDA:372,29,1,0
BRF:47
BRH:20
end_of_record
